#
# There is insufficient memory for the Java Runtime Environment to continue.
# Native memory allocation (mmap) failed to map 61865984 bytes for G1 virtual space
# Possible reasons:
#   The system is out of physical RAM or swap space
#   The process is running with CompressedOops enabled, and the Java Heap may be blocking the growth of the native heap
# Possible solutions:
#   Reduce memory load on the system
#   Increase physical memory or swap space
#   Check if swap backing store is full
#   Decrease Java heap size (-Xmx/-Xms)
#   Decrease number of Java threads
#   Decrease Java thread stack sizes (-Xss)
#   Set larger code cache with -XX:ReservedCodeCacheSize=
#   JVM is running with Unscaled Compressed Oops mode in which the Java heap is
#     placed in the first 4GB address space. The Java Heap base address is the
#     maximum limit for the native heap growth. Please use -XX:HeapBaseMinAddress
#     to set the Java Heap base and to place the Java Heap above 4GB virtual address.
# This output file may be truncated or incomplete.
#
#  Out of Memory Error (os_windows.cpp:3548), pid=25668, tid=8868
#
# JRE version: OpenJDK Runtime Environment Corretto-17.0.5.8.1 (17.0.5+8) (build 17.0.5+8-LTS)
# Java VM: OpenJDK 64-Bit Server VM Corretto-17.0.5.8.1 (17.0.5+8-LTS, mixed mode, sharing, tiered, compressed oops, compressed class ptrs, g1 gc, windows-amd64)
# No core dump will be written. Minidumps are not enabled by default on client versions of Windows
#

---------------  S U M M A R Y ------------

Command Line: -Dclassworlds.conf=C:\Program Files\Maven\apache-maven-3.8.6\bin\m2.conf -Dmaven.home=C:\Program Files\Maven\apache-maven-3.8.6 -Dlibrary.jansi.path=C:\Program Files\Maven\apache-maven-3.8.6\lib\jansi-native -Dmaven.multiModuleProjectDirectory=C:\Users\Hugo Morgadinho\Documents\Personal_Projects\flights-portugal-api org.codehaus.plexus.classworlds.launcher.Launcher clean install

Host: Intel(R) Core(TM) i5-8265U CPU @ 1.60GHz, 8 cores, 7G,  Windows 11 , 64 bit Build 22000 (10.0.22000.1219)
Time: Sun Nov 13 17:42:56 2022 GMT Standard Time elapsed time: 5.612126 seconds (0d 0h 0m 5s)

---------------  T H R E A D  ---------------

Current thread (0x0000020e58b85630):  VMThread "VM Thread" [stack: 0x00000078ac000000,0x00000078ac100000] [id=8868]

Stack: [0x00000078ac000000,0x00000078ac100000]
Native frames: (J=compiled Java code, j=interpreted, Vv=VM code, C=native code)
V  [jvm.dll+0x646e0a]
V  [jvm.dll+0x7f7f14]
V  [jvm.dll+0x7f96ce]
V  [jvm.dll+0x7f9d23]
V  [jvm.dll+0x234c98]
V  [jvm.dll+0x643d6a]
V  [jvm.dll+0x63849a]
V  [jvm.dll+0x2f2ed9]
V  [jvm.dll+0x2fa066]
V  [jvm.dll+0x345a2a]
V  [jvm.dll+0x345c6f]
V  [jvm.dll+0x2c9378]
V  [jvm.dll+0x2c7867]
V  [jvm.dll+0x2c6e4c]
V  [jvm.dll+0x309f6b]
V  [jvm.dll+0x7fe15b]
V  [jvm.dll+0x7fee38]
V  [jvm.dll+0x7ff365]
V  [jvm.dll+0x7ff734]
V  [jvm.dll+0x7ff7fe]
V  [jvm.dll+0x7aac5a]
V  [jvm.dll+0x645cd5]
C  [ucrtbase.dll+0x26c0c]
C  [KERNEL32.DLL+0x15550]
C  [ntdll.dll+0x485b]

VM_Operation (0x00000078abafbdf0): G1CollectForAllocation, mode: safepoint, requested by thread 0x0000020e3a8a6f10


---------------  P R O C E S S  ---------------

Threads class SMR info:
_java_thread_list=0x0000020e5989c420, length=12, elements={
0x0000020e3a8a6f10, 0x0000020e58b8b790, 0x0000020e58b8c250, 0x0000020e58ba4300,
0x0000020e58ba6bd0, 0x0000020e58ba7490, 0x0000020e58ba84f0, 0x0000020e58bb5e50,
0x0000020e58bc0740, 0x0000020e58bb7b50, 0x0000020e598c7c80, 0x0000020e598ca310
}

Java Threads: ( => current thread )
  0x0000020e3a8a6f10 JavaThread "main" [_thread_blocked, id=308, stack(0x00000078aba00000,0x00000078abb00000)]
  0x0000020e58b8b790 JavaThread "Reference Handler" daemon [_thread_blocked, id=24464, stack(0x00000078ac100000,0x00000078ac200000)]
  0x0000020e58b8c250 JavaThread "Finalizer" daemon [_thread_blocked, id=25432, stack(0x00000078ac200000,0x00000078ac300000)]
  0x0000020e58ba4300 JavaThread "Signal Dispatcher" daemon [_thread_blocked, id=11972, stack(0x00000078ac300000,0x00000078ac400000)]
  0x0000020e58ba6bd0 JavaThread "Attach Listener" daemon [_thread_blocked, id=16284, stack(0x00000078ac400000,0x00000078ac500000)]
  0x0000020e58ba7490 JavaThread "Service Thread" daemon [_thread_blocked, id=10516, stack(0x00000078ac500000,0x00000078ac600000)]
  0x0000020e58ba84f0 JavaThread "Monitor Deflation Thread" daemon [_thread_blocked, id=9316, stack(0x00000078ac600000,0x00000078ac700000)]
  0x0000020e58bb5e50 JavaThread "C2 CompilerThread0" daemon [_thread_blocked, id=11260, stack(0x00000078ac700000,0x00000078ac800000)]
  0x0000020e58bc0740 JavaThread "C1 CompilerThread0" daemon [_thread_blocked, id=3116, stack(0x00000078ac800000,0x00000078ac900000)]
  0x0000020e58bb7b50 JavaThread "Sweeper thread" daemon [_thread_blocked, id=9284, stack(0x00000078ac900000,0x00000078aca00000)]
  0x0000020e598c7c80 JavaThread "Notification Thread" daemon [_thread_blocked, id=6572, stack(0x00000078aca00000,0x00000078acb00000)]
  0x0000020e598ca310 JavaThread "Common-Cleaner" daemon [_thread_blocked, id=7280, stack(0x00000078acc00000,0x00000078acd00000)]

Other Threads:
=>0x0000020e58b85630 VMThread "VM Thread" [stack: 0x00000078ac000000,0x00000078ac100000] [id=8868]
  0x0000020e3a91df90 WatcherThread [stack: 0x00000078acb00000,0x00000078acc00000] [id=4764]
  0x0000020e3a902dc0 GCTaskThread "GC Thread#0" [stack: 0x00000078abb00000,0x00000078abc00000] [id=13864]
  0x0000020e599912d0 GCTaskThread "GC Thread#1" [stack: 0x00000078acd00000,0x00000078ace00000] [id=3348]
  0x0000020e5a2c4090 GCTaskThread "GC Thread#2" [stack: 0x00000078ace00000,0x00000078acf00000] [id=1372]
  0x0000020e5a48ba40 GCTaskThread "GC Thread#3" [stack: 0x00000078acf00000,0x00000078ad000000] [id=8092]
  0x0000020e5a48bcf0 GCTaskThread "GC Thread#4" [stack: 0x00000078ad000000,0x00000078ad100000] [id=9600]
  0x0000020e5a2e8010 GCTaskThread "GC Thread#5" [stack: 0x00000078ad100000,0x00000078ad200000] [id=14888]
  0x0000020e5a2e82c0 GCTaskThread "GC Thread#6" [stack: 0x00000078ad200000,0x00000078ad300000] [id=1312]
  0x0000020e5a2a7d60 GCTaskThread "GC Thread#7" [stack: 0x00000078ad300000,0x00000078ad400000] [id=14156]
  0x0000020e3a915100 ConcurrentGCThread "G1 Main Marker" [stack: 0x00000078abc00000,0x00000078abd00000] [id=13108]
  0x0000020e3a915a20 ConcurrentGCThread "G1 Conc#0" [stack: 0x00000078abd00000,0x00000078abe00000] [id=4392]
  0x0000020e3a97e200 ConcurrentGCThread "G1 Refine#0" [stack: 0x00000078abe00000,0x00000078abf00000] [id=4508]
  0x0000020e59cd2ae0 ConcurrentGCThread "G1 Refine#1" [stack: 0x00000078ad400000,0x00000078ad500000] [id=14928]
  0x0000020e58ba3ee0 ConcurrentGCThread "G1 Refine#2" [stack: 0x00000078ad500000,0x00000078ad600000] [id=15372]
  0x0000020e3a97eb30 ConcurrentGCThread "G1 Service" [stack: 0x00000078abf00000,0x00000078ac000000] [id=14632]

Threads with active compile tasks:
C2 CompilerThread0     5641 5583       4       java.nio.file.FileTreeIterator::fetchNextIfNeeded (65 bytes)

VM state: at safepoint (normal execution)

VM Mutex/Monitor currently owned by a thread:  ([mutex/lock_event])
[0x0000020e3a8a1840] Threads_lock - owner thread: 0x0000020e58b85630
[0x0000020e3a8a3460] Heap_lock - owner thread: 0x0000020e3a8a6f10

Heap address: 0x0000000082600000, size: 2010 MB, Compressed Oops mode: 32-bit

CDS archive(s) mapped at: [0x0000000800000000-0x0000000800bc0000-0x0000000800bc0000), size 12320768, SharedBaseAddress: 0x0000000800000000, ArchiveRelocationMode: 0.
Compressed class space mapped at: 0x0000000800c00000-0x0000000840c00000, reserved size: 1073741824
Narrow klass base: 0x0000000800000000, Narrow klass shift: 0, Narrow klass range: 0x100000000

GC Precious Log:
 CPUs: 8 total, 8 available
 Memory: 8037M
 Large Page Support: Disabled
 NUMA Support: Disabled
 Compressed Oops: Enabled (32-bit)
 Heap Region Size: 1M
 Heap Min Capacity: 8M
 Heap Initial Capacity: 126M
 Heap Max Capacity: 2010M
 Pre-touch: Disabled
 Parallel Workers: 8
 Concurrent Workers: 2
 Concurrent Refinement Workers: 8
 Periodic GC: Disabled

Heap:
 garbage-first heap   total 155648K, used 90112K [0x0000000082600000, 0x0000000100000000)
  region size 1024K, 5 young (5120K), 5 survivors (5120K)
 Metaspace       used 17976K, committed 18240K, reserved 1064960K
  class space    used 1936K, committed 2048K, reserved 1048576K

Heap Regions: E=young(eden), S=young(survivor), O=old, HS=humongous(starts), HC=humongous(continues), CS=collection set, F=free, OA=open archive, CA=closed archive, TAMS=top-at-mark-start (previous, next)
|   0|0x0000000082600000, 0x0000000082700000, 0x0000000082700000|100%| O|  |TAMS 0x0000000082600000, 0x0000000082700000| Untracked 
|   1|0x0000000082700000, 0x0000000082800000, 0x0000000082800000|100%| O|  |TAMS 0x0000000082700000, 0x0000000082800000| Untracked 
|   2|0x0000000082800000, 0x0000000082900000, 0x0000000082900000|100%| O|  |TAMS 0x0000000082800000, 0x0000000082900000| Untracked 
|   3|0x0000000082900000, 0x0000000082a00000, 0x0000000082a00000|100%| O|  |TAMS 0x0000000082900000, 0x0000000082a00000| Untracked 
|   4|0x0000000082a00000, 0x0000000082b00000, 0x0000000082b00000|100%| O|  |TAMS 0x0000000082a00000, 0x0000000082b00000| Untracked 
|   5|0x0000000082b00000, 0x0000000082c00000, 0x0000000082c00000|100%| O|  |TAMS 0x0000000082b00000, 0x0000000082c00000| Untracked 
|   6|0x0000000082c00000, 0x0000000082d00000, 0x0000000082d00000|100%| O|  |TAMS 0x0000000082c00000, 0x0000000082d00000| Untracked 
|   7|0x0000000082d00000, 0x0000000082e00000, 0x0000000082e00000|100%| O|  |TAMS 0x0000000082d00000, 0x0000000082e00000| Untracked 
|   8|0x0000000082e00000, 0x0000000082f00000, 0x0000000082f00000|100%| O|  |TAMS 0x0000000082e00000, 0x0000000082f00000| Untracked 
|   9|0x0000000082f00000, 0x0000000083000000, 0x0000000083000000|100%| O|  |TAMS 0x0000000082f00000, 0x0000000083000000| Untracked 
|  10|0x0000000083000000, 0x0000000083100000, 0x0000000083100000|100%| O|  |TAMS 0x0000000083000000, 0x0000000083100000| Untracked 
|  11|0x0000000083100000, 0x0000000083200000, 0x0000000083200000|100%| O|  |TAMS 0x0000000083100000, 0x0000000083200000| Untracked 
|  12|0x0000000083200000, 0x0000000083300000, 0x0000000083300000|100%| O|  |TAMS 0x0000000083200000, 0x0000000083300000| Untracked 
|  13|0x0000000083300000, 0x0000000083400000, 0x0000000083400000|100%| O|  |TAMS 0x0000000083300000, 0x0000000083400000| Untracked 
|  14|0x0000000083400000, 0x0000000083500000, 0x0000000083500000|100%| O|  |TAMS 0x0000000083400000, 0x0000000083500000| Untracked 
|  15|0x0000000083500000, 0x0000000083600000, 0x0000000083600000|100%| O|  |TAMS 0x0000000083500000, 0x0000000083600000| Untracked 
|  16|0x0000000083600000, 0x0000000083700000, 0x0000000083700000|100%| O|  |TAMS 0x0000000083600000, 0x0000000083700000| Untracked 
|  17|0x0000000083700000, 0x0000000083800000, 0x0000000083800000|100%| O|  |TAMS 0x0000000083700000, 0x0000000083800000| Untracked 
|  18|0x0000000083800000, 0x0000000083900000, 0x0000000083900000|100%| O|  |TAMS 0x0000000083800000, 0x0000000083900000| Untracked 
|  19|0x0000000083900000, 0x0000000083a00000, 0x0000000083a00000|100%| O|  |TAMS 0x0000000083900000, 0x0000000083a00000| Untracked 
|  20|0x0000000083a00000, 0x0000000083b00000, 0x0000000083b00000|100%| O|  |TAMS 0x0000000083a00000, 0x0000000083b00000| Untracked 
|  21|0x0000000083b00000, 0x0000000083c00000, 0x0000000083c00000|100%| O|  |TAMS 0x0000000083b00000, 0x0000000083c00000| Untracked 
|  22|0x0000000083c00000, 0x0000000083d00000, 0x0000000083d00000|100%| O|  |TAMS 0x0000000083c00000, 0x0000000083d00000| Untracked 
|  23|0x0000000083d00000, 0x0000000083e00000, 0x0000000083e00000|100%| O|  |TAMS 0x0000000083d00000, 0x0000000083e00000| Untracked 
|  24|0x0000000083e00000, 0x0000000083f00000, 0x0000000083f00000|100%| O|  |TAMS 0x0000000083e00000, 0x0000000083f00000| Untracked 
|  25|0x0000000083f00000, 0x0000000084000000, 0x0000000084000000|100%| O|  |TAMS 0x0000000083f00000, 0x0000000084000000| Untracked 
|  26|0x0000000084000000, 0x0000000084100000, 0x0000000084100000|100%| O|  |TAMS 0x0000000084000000, 0x0000000084100000| Untracked 
|  27|0x0000000084100000, 0x0000000084200000, 0x0000000084200000|100%| O|  |TAMS 0x0000000084100000, 0x0000000084200000| Untracked 
|  28|0x0000000084200000, 0x0000000084300000, 0x0000000084300000|100%| O|  |TAMS 0x0000000084200000, 0x0000000084300000| Untracked 
|  29|0x0000000084300000, 0x0000000084400000, 0x0000000084400000|100%| O|  |TAMS 0x0000000084300000, 0x0000000084400000| Untracked 
|  30|0x0000000084400000, 0x0000000084500000, 0x0000000084500000|100%| O|  |TAMS 0x0000000084400000, 0x0000000084500000| Untracked 
|  31|0x0000000084500000, 0x0000000084600000, 0x0000000084600000|100%| O|  |TAMS 0x0000000084500000, 0x0000000084600000| Untracked 
|  32|0x0000000084600000, 0x0000000084700000, 0x0000000084700000|100%| O|  |TAMS 0x0000000084600000, 0x0000000084700000| Untracked 
|  33|0x0000000084700000, 0x0000000084800000, 0x0000000084800000|100%|HS|  |TAMS 0x0000000084700000, 0x0000000084800000| Complete 
|  34|0x0000000084800000, 0x0000000084900000, 0x0000000084900000|100%|HC|  |TAMS 0x0000000084800000, 0x0000000084900000| Complete 
|  35|0x0000000084900000, 0x0000000084a00000, 0x0000000084a00000|100%|HS|  |TAMS 0x0000000084900000, 0x0000000084a00000| Complete 
|  36|0x0000000084a00000, 0x0000000084b00000, 0x0000000084b00000|100%|HC|  |TAMS 0x0000000084a00000, 0x0000000084b00000| Complete 
|  37|0x0000000084b00000, 0x0000000084c00000, 0x0000000084c00000|100%| O|  |TAMS 0x0000000084b00000, 0x0000000084c00000| Untracked 
|  38|0x0000000084c00000, 0x0000000084d00000, 0x0000000084d00000|100%| O|  |TAMS 0x0000000084c00000, 0x0000000084d00000| Untracked 
|  39|0x0000000084d00000, 0x0000000084e00000, 0x0000000084e00000|100%| O|  |TAMS 0x0000000084d00000, 0x0000000084e00000| Untracked 
|  40|0x0000000084e00000, 0x0000000084f00000, 0x0000000084f00000|100%| O|  |TAMS 0x0000000084e00000, 0x0000000084f00000| Untracked 
|  41|0x0000000084f00000, 0x0000000085000000, 0x0000000085000000|100%| O|  |TAMS 0x0000000084f00000, 0x0000000085000000| Untracked 
|  42|0x0000000085000000, 0x0000000085100000, 0x0000000085100000|100%| O|  |TAMS 0x0000000085000000, 0x0000000085100000| Untracked 
|  43|0x0000000085100000, 0x0000000085200000, 0x0000000085200000|100%| O|  |TAMS 0x0000000085100000, 0x0000000085200000| Untracked 
|  44|0x0000000085200000, 0x0000000085300000, 0x0000000085300000|100%| O|  |TAMS 0x0000000085200000, 0x0000000085300000| Untracked 
|  45|0x0000000085300000, 0x0000000085400000, 0x0000000085400000|100%| O|  |TAMS 0x0000000085300000, 0x0000000085400000| Untracked 
|  46|0x0000000085400000, 0x0000000085500000, 0x0000000085500000|100%| O|  |TAMS 0x0000000085400000, 0x0000000085500000| Untracked 
|  47|0x0000000085500000, 0x0000000085600000, 0x0000000085600000|100%| O|  |TAMS 0x0000000085500000, 0x0000000085600000| Untracked 
|  48|0x0000000085600000, 0x0000000085700000, 0x0000000085700000|100%| O|  |TAMS 0x0000000085600000, 0x0000000085700000| Untracked 
|  49|0x0000000085700000, 0x0000000085800000, 0x0000000085800000|100%| O|  |TAMS 0x0000000085700000, 0x0000000085800000| Untracked 
|  50|0x0000000085800000, 0x0000000085900000, 0x0000000085900000|100%| O|  |TAMS 0x0000000085800000, 0x0000000085900000| Untracked 
|  51|0x0000000085900000, 0x0000000085a00000, 0x0000000085a00000|100%| O|  |TAMS 0x0000000085900000, 0x0000000085a00000| Untracked 
|  52|0x0000000085a00000, 0x0000000085b00000, 0x0000000085b00000|100%| O|  |TAMS 0x0000000085a00000, 0x0000000085b00000| Untracked 
|  53|0x0000000085b00000, 0x0000000085c00000, 0x0000000085c00000|100%| O|  |TAMS 0x0000000085b00000, 0x0000000085c00000| Untracked 
|  54|0x0000000085c00000, 0x0000000085d00000, 0x0000000085d00000|100%| O|  |TAMS 0x0000000085c00000, 0x0000000085d00000| Untracked 
|  55|0x0000000085d00000, 0x0000000085e00000, 0x0000000085e00000|100%| O|  |TAMS 0x0000000085d00000, 0x0000000085e00000| Untracked 
|  56|0x0000000085e00000, 0x0000000085f00000, 0x0000000085f00000|100%|HS|  |TAMS 0x0000000085e00000, 0x0000000085f00000| Complete 
|  57|0x0000000085f00000, 0x0000000086000000, 0x0000000086000000|100%|HS|  |TAMS 0x0000000085f00000, 0x0000000086000000| Complete 
|  58|0x0000000086000000, 0x0000000086100000, 0x0000000086100000|100%|HC|  |TAMS 0x0000000086000000, 0x0000000086100000| Complete 
|  59|0x0000000086100000, 0x0000000086200000, 0x0000000086200000|100%| O|  |TAMS 0x0000000086100000, 0x0000000086200000| Untracked 
|  60|0x0000000086200000, 0x0000000086300000, 0x0000000086300000|100%| O|  |TAMS 0x0000000086200000, 0x0000000086300000| Untracked 
|  61|0x0000000086300000, 0x0000000086400000, 0x0000000086400000|100%| O|  |TAMS 0x0000000086300000, 0x0000000086400000| Untracked 
|  62|0x0000000086400000, 0x0000000086500000, 0x0000000086500000|100%| O|  |TAMS 0x0000000086400000, 0x0000000086500000| Untracked 
|  63|0x0000000086500000, 0x0000000086600000, 0x0000000086600000|100%| O|  |TAMS 0x0000000086500000, 0x0000000086600000| Untracked 
|  64|0x0000000086600000, 0x0000000086700000, 0x0000000086700000|100%| O|  |TAMS 0x0000000086600000, 0x0000000086700000| Untracked 
|  65|0x0000000086700000, 0x0000000086800000, 0x0000000086800000|100%| O|  |TAMS 0x0000000086700000, 0x0000000086800000| Untracked 
|  66|0x0000000086800000, 0x0000000086900000, 0x0000000086900000|100%| O|  |TAMS 0x0000000086800000, 0x0000000086900000| Untracked 
|  67|0x0000000086900000, 0x0000000086a00000, 0x0000000086a00000|100%| O|  |TAMS 0x0000000086900000, 0x0000000086a00000| Untracked 
|  68|0x0000000086a00000, 0x0000000086b00000, 0x0000000086b00000|100%| O|  |TAMS 0x0000000086a00000, 0x0000000086b00000| Untracked 
|  69|0x0000000086b00000, 0x0000000086c00000, 0x0000000086c00000|100%| O|  |TAMS 0x0000000086b00000, 0x0000000086c00000| Untracked 
|  70|0x0000000086c00000, 0x0000000086d00000, 0x0000000086d00000|100%| O|  |TAMS 0x0000000086c00000, 0x0000000086d00000| Untracked 
|  71|0x0000000086d00000, 0x0000000086e00000, 0x0000000086e00000|100%| O|  |TAMS 0x0000000086d00000, 0x0000000086e00000| Untracked 
|  72|0x0000000086e00000, 0x0000000086f00000, 0x0000000086f00000|100%| O|  |TAMS 0x0000000086e00000, 0x0000000086f00000| Untracked 
|  73|0x0000000086f00000, 0x0000000087000000, 0x0000000087000000|100%| O|  |TAMS 0x0000000086f00000, 0x0000000087000000| Untracked 
|  74|0x0000000087000000, 0x0000000087100000, 0x0000000087100000|100%| O|  |TAMS 0x0000000087000000, 0x0000000087100000| Untracked 
|  75|0x0000000087100000, 0x0000000087200000, 0x0000000087200000|100%| O|  |TAMS 0x0000000087100000, 0x0000000087100000| Untracked 
|  76|0x0000000087200000, 0x0000000087300000, 0x0000000087300000|100%| O|  |TAMS 0x0000000087200000, 0x0000000087200000| Untracked 
|  77|0x0000000087300000, 0x0000000087400000, 0x0000000087400000|100%| O|  |TAMS 0x0000000087300000, 0x0000000087300000| Untracked 
|  78|0x0000000087400000, 0x0000000087500000, 0x0000000087500000|100%| O|  |TAMS 0x0000000087400000, 0x0000000087400000| Untracked 
|  79|0x0000000087500000, 0x0000000087600000, 0x0000000087600000|100%| O|  |TAMS 0x0000000087500000, 0x0000000087500000| Untracked 
|  80|0x0000000087600000, 0x0000000087700000, 0x0000000087700000|100%| O|  |TAMS 0x0000000087600000, 0x0000000087600000| Untracked 
|  81|0x0000000087700000, 0x0000000087800000, 0x0000000087800000|100%| O|  |TAMS 0x0000000087700000, 0x0000000087700000| Untracked 
|  82|0x0000000087800000, 0x0000000087900000, 0x0000000087900000|100%| O|  |TAMS 0x0000000087800000, 0x0000000087800000| Untracked 
|  83|0x0000000087900000, 0x0000000087900000, 0x0000000087a00000|  0%| F|  |TAMS 0x0000000087900000, 0x0000000087900000| Untracked 
|  84|0x0000000087a00000, 0x0000000087a00000, 0x0000000087b00000|  0%| F|  |TAMS 0x0000000087a00000, 0x0000000087a00000| Untracked 
|  85|0x0000000087b00000, 0x0000000087b00000, 0x0000000087c00000|  0%| F|  |TAMS 0x0000000087b00000, 0x0000000087b00000| Untracked 
|  86|0x0000000087c00000, 0x0000000087c00000, 0x0000000087d00000|  0%| F|  |TAMS 0x0000000087c00000, 0x0000000087c00000| Untracked 
|  87|0x0000000087d00000, 0x0000000087d00000, 0x0000000087e00000|  0%| F|  |TAMS 0x0000000087d00000, 0x0000000087d00000| Untracked 
|  88|0x0000000087e00000, 0x0000000087e00000, 0x0000000087f00000|  0%| F|  |TAMS 0x0000000087e00000, 0x0000000087e00000| Untracked 
|  89|0x0000000087f00000, 0x0000000087f00000, 0x0000000088000000|  0%| F|  |TAMS 0x0000000087f00000, 0x0000000087f00000| Untracked 
|  90|0x0000000088000000, 0x0000000088000000, 0x0000000088100000|  0%| F|  |TAMS 0x0000000088000000, 0x0000000088000000| Untracked 
|  91|0x0000000088100000, 0x0000000088100000, 0x0000000088200000|  0%| F|  |TAMS 0x0000000088100000, 0x0000000088100000| Untracked 
|  92|0x0000000088200000, 0x0000000088200000, 0x0000000088300000|  0%| F|  |TAMS 0x0000000088200000, 0x0000000088200000| Untracked 
|  93|0x0000000088300000, 0x0000000088300000, 0x0000000088400000|  0%| F|  |TAMS 0x0000000088300000, 0x0000000088300000| Untracked 
|  94|0x0000000088400000, 0x0000000088400000, 0x0000000088500000|  0%| F|  |TAMS 0x0000000088400000, 0x0000000088400000| Untracked 
|  95|0x0000000088500000, 0x0000000088500000, 0x0000000088600000|  0%| F|  |TAMS 0x0000000088500000, 0x0000000088500000| Untracked 
|  96|0x0000000088600000, 0x0000000088600000, 0x0000000088700000|  0%| F|  |TAMS 0x0000000088600000, 0x0000000088600000| Untracked 
|  97|0x0000000088700000, 0x0000000088700000, 0x0000000088800000|  0%| F|  |TAMS 0x0000000088700000, 0x0000000088700000| Untracked 
|  98|0x0000000088800000, 0x0000000088800000, 0x0000000088900000|  0%| F|  |TAMS 0x0000000088800000, 0x0000000088800000| Untracked 
|  99|0x0000000088900000, 0x0000000088900000, 0x0000000088a00000|  0%| F|  |TAMS 0x0000000088900000, 0x0000000088900000| Untracked 
| 100|0x0000000088a00000, 0x0000000088a00000, 0x0000000088b00000|  0%| F|  |TAMS 0x0000000088a00000, 0x0000000088a00000| Untracked 
| 101|0x0000000088b00000, 0x0000000088b00000, 0x0000000088c00000|  0%| F|  |TAMS 0x0000000088b00000, 0x0000000088b00000| Untracked 
| 102|0x0000000088c00000, 0x0000000088c00000, 0x0000000088d00000|  0%| F|  |TAMS 0x0000000088c00000, 0x0000000088c00000| Untracked 
| 103|0x0000000088d00000, 0x0000000088d00000, 0x0000000088e00000|  0%| F|  |TAMS 0x0000000088d00000, 0x0000000088d00000| Untracked 
| 104|0x0000000088e00000, 0x0000000088e00000, 0x0000000088f00000|  0%| F|  |TAMS 0x0000000088e00000, 0x0000000088e00000| Untracked 
| 105|0x0000000088f00000, 0x0000000088f00000, 0x0000000089000000|  0%| F|  |TAMS 0x0000000088f00000, 0x0000000088f00000| Untracked 
| 106|0x0000000089000000, 0x0000000089000000, 0x0000000089100000|  0%| F|  |TAMS 0x0000000089000000, 0x0000000089000000| Untracked 
| 107|0x0000000089100000, 0x0000000089100000, 0x0000000089200000|  0%| F|  |TAMS 0x0000000089100000, 0x0000000089100000| Untracked 
| 108|0x0000000089200000, 0x0000000089200000, 0x0000000089300000|  0%| F|  |TAMS 0x0000000089200000, 0x0000000089200000| Untracked 
| 109|0x0000000089300000, 0x0000000089300000, 0x0000000089400000|  0%| F|  |TAMS 0x0000000089300000, 0x0000000089300000| Untracked 
| 110|0x0000000089400000, 0x0000000089400000, 0x0000000089500000|  0%| F|  |TAMS 0x0000000089400000, 0x0000000089400000| Untracked 
| 111|0x0000000089500000, 0x0000000089500000, 0x0000000089600000|  0%| F|  |TAMS 0x0000000089500000, 0x0000000089500000| Untracked 
| 112|0x0000000089600000, 0x0000000089600000, 0x0000000089700000|  0%| F|  |TAMS 0x0000000089600000, 0x0000000089600000| Untracked 
| 113|0x0000000089700000, 0x0000000089700000, 0x0000000089800000|  0%| F|  |TAMS 0x0000000089700000, 0x0000000089700000| Untracked 
| 114|0x0000000089800000, 0x0000000089900000, 0x0000000089900000|100%| S|CS|TAMS 0x0000000089800000, 0x0000000089800000| Complete 
| 115|0x0000000089900000, 0x0000000089a00000, 0x0000000089a00000|100%| S|CS|TAMS 0x0000000089900000, 0x0000000089900000| Complete 
| 116|0x0000000089a00000, 0x0000000089b00000, 0x0000000089b00000|100%| S|CS|TAMS 0x0000000089a00000, 0x0000000089a00000| Complete 
| 117|0x0000000089b00000, 0x0000000089c00000, 0x0000000089c00000|100%| S|CS|TAMS 0x0000000089b00000, 0x0000000089b00000| Complete 
| 118|0x0000000089c00000, 0x0000000089d00000, 0x0000000089d00000|100%| S|CS|TAMS 0x0000000089c00000, 0x0000000089c00000| Complete 
| 119|0x0000000089d00000, 0x0000000089d00000, 0x0000000089e00000|  0%| F|  |TAMS 0x0000000089d00000, 0x0000000089d00000| Untracked 
| 120|0x0000000089e00000, 0x0000000089e00000, 0x0000000089f00000|  0%| F|  |TAMS 0x0000000089e00000, 0x0000000089e00000| Untracked 
| 121|0x0000000089f00000, 0x0000000089f00000, 0x000000008a000000|  0%| F|  |TAMS 0x0000000089f00000, 0x0000000089f00000| Untracked 
| 122|0x000000008a000000, 0x000000008a000000, 0x000000008a100000|  0%| F|  |TAMS 0x000000008a000000, 0x000000008a000000| Untracked 
| 123|0x000000008a100000, 0x000000008a100000, 0x000000008a200000|  0%| F|  |TAMS 0x000000008a100000, 0x000000008a100000| Untracked 
| 124|0x000000008a200000, 0x000000008a200000, 0x000000008a300000|  0%| F|  |TAMS 0x000000008a200000, 0x000000008a200000| Untracked 
| 125|0x000000008a300000, 0x000000008a300000, 0x000000008a400000|  0%| F|  |TAMS 0x000000008a300000, 0x000000008a300000| Untracked 
| 126|0x000000008a400000, 0x000000008a400000, 0x000000008a500000|  0%| F|  |TAMS 0x000000008a400000, 0x000000008a400000| Untracked 
| 127|0x000000008a500000, 0x000000008a500000, 0x000000008a600000|  0%| F|  |TAMS 0x000000008a500000, 0x000000008a500000| Untracked 
| 128|0x000000008a600000, 0x000000008a600000, 0x000000008a700000|  0%| F|  |TAMS 0x000000008a600000, 0x000000008a600000| Untracked 
| 129|0x000000008a700000, 0x000000008a700000, 0x000000008a800000|  0%| F|  |TAMS 0x000000008a700000, 0x000000008a700000| Untracked 
| 130|0x000000008a800000, 0x000000008a800000, 0x000000008a900000|  0%| F|  |TAMS 0x000000008a800000, 0x000000008a800000| Untracked 
| 131|0x000000008a900000, 0x000000008a900000, 0x000000008aa00000|  0%| F|  |TAMS 0x000000008a900000, 0x000000008a900000| Untracked 
| 132|0x000000008aa00000, 0x000000008aa00000, 0x000000008ab00000|  0%| F|  |TAMS 0x000000008aa00000, 0x000000008aa00000| Untracked 
| 133|0x000000008ab00000, 0x000000008ab00000, 0x000000008ac00000|  0%| F|  |TAMS 0x000000008ab00000, 0x000000008ab00000| Untracked 
| 134|0x000000008ac00000, 0x000000008ac00000, 0x000000008ad00000|  0%| F|  |TAMS 0x000000008ac00000, 0x000000008ac00000| Untracked 
| 135|0x000000008ad00000, 0x000000008ad00000, 0x000000008ae00000|  0%| F|  |TAMS 0x000000008ad00000, 0x000000008ad00000| Untracked 
| 136|0x000000008ae00000, 0x000000008ae00000, 0x000000008af00000|  0%| F|  |TAMS 0x000000008ae00000, 0x000000008ae00000| Untracked 
| 137|0x000000008af00000, 0x000000008af00000, 0x000000008b000000|  0%| F|  |TAMS 0x000000008af00000, 0x000000008af00000| Untracked 
| 138|0x000000008b000000, 0x000000008b000000, 0x000000008b100000|  0%| F|  |TAMS 0x000000008b000000, 0x000000008b000000| Untracked 
| 139|0x000000008b100000, 0x000000008b100000, 0x000000008b200000|  0%| F|  |TAMS 0x000000008b100000, 0x000000008b100000| Untracked 
| 140|0x000000008b200000, 0x000000008b200000, 0x000000008b300000|  0%| F|  |TAMS 0x000000008b200000, 0x000000008b200000| Untracked 
| 141|0x000000008b300000, 0x000000008b300000, 0x000000008b400000|  0%| F|  |TAMS 0x000000008b300000, 0x000000008b300000| Untracked 
| 142|0x000000008b400000, 0x000000008b400000, 0x000000008b500000|  0%| F|  |TAMS 0x000000008b400000, 0x000000008b400000| Untracked 
| 143|0x000000008b500000, 0x000000008b500000, 0x000000008b600000|  0%| F|  |TAMS 0x000000008b500000, 0x000000008b500000| Untracked 
| 144|0x000000008b600000, 0x000000008b600000, 0x000000008b700000|  0%| F|  |TAMS 0x000000008b600000, 0x000000008b600000| Untracked 
| 145|0x000000008b700000, 0x000000008b700000, 0x000000008b800000|  0%| F|  |TAMS 0x000000008b700000, 0x000000008b700000| Untracked 
| 146|0x000000008b800000, 0x000000008b800000, 0x000000008b900000|  0%| F|  |TAMS 0x000000008b800000, 0x000000008b800000| Untracked 
| 147|0x000000008b900000, 0x000000008b900000, 0x000000008ba00000|  0%| F|  |TAMS 0x000000008b900000, 0x000000008b900000| Untracked 
| 148|0x000000008ba00000, 0x000000008ba00000, 0x000000008bb00000|  0%| F|  |TAMS 0x000000008ba00000, 0x000000008ba00000| Untracked 
| 149|0x000000008bb00000, 0x000000008bb00000, 0x000000008bc00000|  0%| F|  |TAMS 0x000000008bb00000, 0x000000008bb00000| Untracked 
| 150|0x000000008bc00000, 0x000000008bc00000, 0x000000008bd00000|  0%| F|  |TAMS 0x000000008bc00000, 0x000000008bc00000| Untracked 
| 151|0x000000008bd00000, 0x000000008bd00000, 0x000000008be00000|  0%| F|  |TAMS 0x000000008bd00000, 0x000000008bd00000| Untracked 

Card table byte_map: [0x0000020e51ad0000,0x0000020e51ec0000] _byte_map_base: 0x0000020e516bd000

Marking Bits (Prev, Next): (CMBitMap*) 0x0000020e3a9042f0, (CMBitMap*) 0x0000020e3a904330
 Prev Bits: [0x0000020e522b0000, 0x0000020e54218000)
 Next Bits: [0x0000020e54220000, 0x0000020e56188000)

Polling page: 0x0000020e38810000

Metaspace:

Usage:
  Non-class:     15.66 MB used.
      Class:      1.89 MB used.
       Both:     17.56 MB used.

Virtual space:
  Non-class space:       16.00 MB reserved,      15.81 MB ( 99%) committed,  2 nodes.
      Class space:        1.00 GB reserved,       2.00 MB ( <1%) committed,  1 nodes.
             Both:        1.02 GB reserved,      17.81 MB (  2%) committed. 

Chunk freelists:
   Non-Class:  128.00 KB
       Class:  1.88 MB
        Both:  2.01 MB

MaxMetaspaceSize: unlimited
CompressedClassSpaceSize: 1.00 GB
Initial GC threshold: 21.00 MB
Current GC threshold: 21.00 MB
CDS: on
MetaspaceReclaimPolicy: balanced
 - commit_granule_bytes: 65536.
 - commit_granule_words: 8192.
 - virtual_space_node_default_size: 1048576.
 - enlarge_chunks_in_place: 1.
 - new_chunks_are_fully_committed: 0.
 - uncommit_free_chunks: 1.
 - use_allocation_guard: 0.
 - handle_deallocations: 1.


Internal statistics:

num_allocs_failed_limit: 0.
num_arena_births: 134.
num_arena_deaths: 0.
num_vsnodes_births: 3.
num_vsnodes_deaths: 0.
num_space_committed: 285.
num_space_uncommitted: 0.
num_chunks_returned_to_freelist: 0.
num_chunks_taken_from_freelist: 760.
num_chunk_merges: 0.
num_chunk_splits: 527.
num_chunks_enlarged: 411.
num_purges: 0.
num_inconsistent_stats: 0.

CodeHeap 'non-profiled nmethods': size=120000Kb used=1975Kb max_used=2182Kb free=118024Kb
 bounds [0x0000020e49e80000, 0x0000020e4a0f0000, 0x0000020e513b0000]
CodeHeap 'profiled nmethods': size=120000Kb used=8760Kb max_used=11101Kb free=111239Kb
 bounds [0x0000020e42950000, 0x0000020e43440000, 0x0000020e49e80000]
CodeHeap 'non-nmethods': size=5760Kb used=1192Kb max_used=1265Kb free=4567Kb
 bounds [0x0000020e423b0000, 0x0000020e42620000, 0x0000020e42950000]
 total_blobs=5053 nmethods=4566 adapters=399
 compilation: enabled
              stopped_count=0, restarted_count=0
 full_count=0

Compilation events (20 events):
Event: 5.557 Thread 0x0000020e58bc0740 5700   !   3       org.apache.maven.model.PluginManagement::clone (51 bytes)
Event: 5.557 Thread 0x0000020e58bc0740 nmethod 5700 0x0000020e42b38c90 code [0x0000020e42b38f00, 0x0000020e42b39828]
Event: 5.562 Thread 0x0000020e58bc0740 5701       3       org.apache.maven.model.Organization::getLocation (147 bytes)
Event: 5.562 Thread 0x0000020e58bc0740 nmethod 5701 0x0000020e42a4fe10 code [0x0000020e42a50080, 0x0000020e42a50cd8]
Event: 5.562 Thread 0x0000020e58bc0740 5702       3       org.apache.maven.model.Organization::setLocation (156 bytes)
Event: 5.563 Thread 0x0000020e58bc0740 nmethod 5702 0x0000020e42e4c290 code [0x0000020e42e4c540, 0x0000020e42e4d638]
Event: 5.570 Thread 0x0000020e58bc0740 5704       3       org.eclipse.aether.internal.impl.collect.DataPool$ConstraintKey::<init> (32 bytes)
Event: 5.570 Thread 0x0000020e58bc0740 nmethod 5704 0x0000020e42e2aa10 code [0x0000020e42e2abc0, 0x0000020e42e2aee8]
Event: 5.577 Thread 0x0000020e58bc0740 5705       3       java.io.FileInputStream::available (5 bytes)
Event: 5.577 Thread 0x0000020e58bc0740 nmethod 5705 0x0000020e42c3ce10 code [0x0000020e42c3cfa0, 0x0000020e42c3d0e8]
Event: 5.580 Thread 0x0000020e58bc0740 5706       3       org.apache.maven.model.building.ModelData::getId (49 bytes)
Event: 5.580 Thread 0x0000020e58bc0740 nmethod 5706 0x0000020e42dce490 code [0x0000020e42dce720, 0x0000020e42dcf0b8]
Event: 5.586 Thread 0x0000020e58bc0740 5707       2       org.apache.maven.model.io.xpp3.MavenXpp3Reader::parseMailingList (386 bytes)
Event: 5.587 Thread 0x0000020e58bc0740 nmethod 5707 0x0000020e42ed5590 code [0x0000020e42ed59a0, 0x0000020e42ed6eb8]
Event: 5.587 Thread 0x0000020e58bc0740 5708   !   3       jdk.internal.reflect.GeneratedMethodAccessor1::invoke (61 bytes)
Event: 5.588 Thread 0x0000020e58bc0740 nmethod 5708 0x0000020e42e74590 code [0x0000020e42e747a0, 0x0000020e42e74e28]
Event: 5.592 Thread 0x0000020e58bc0740 5709       2       org.eclipse.aether.DefaultRepositoryCache::put (31 bytes)
Event: 5.592 Thread 0x0000020e58bc0740 nmethod 5709 0x0000020e42b41c10 code [0x0000020e42b41dc0, 0x0000020e42b41f58]
Event: 5.593 Thread 0x0000020e58bc0740 5710       2       org.apache.maven.model.interpolation.StringVisitorModelInterpolator$ModelVisitor::visit (142 bytes)
Event: 5.594 Thread 0x0000020e58bc0740 nmethod 5710 0x0000020e43005f10 code [0x0000020e43006160, 0x0000020e43006928]

GC Heap History (19 events):
Event: 1.093 GC heap before
{Heap before GC invocations=0 (full 0):
 garbage-first heap   total 129024K, used 22528K [0x0000000082600000, 0x0000000100000000)
  region size 1024K, 23 young (23552K), 0 survivors (0K)
 Metaspace       used 4814K, committed 4928K, reserved 1056768K
  class space    used 571K, committed 640K, reserved 1048576K
}
Event: 1.100 GC heap after
{Heap after GC invocations=1 (full 0):
 garbage-first heap   total 129024K, used 3458K [0x0000000082600000, 0x0000000100000000)
  region size 1024K, 3 young (3072K), 3 survivors (3072K)
 Metaspace       used 4814K, committed 4928K, reserved 1056768K
  class space    used 571K, committed 640K, reserved 1048576K
}
Event: 1.748 GC heap before
{Heap before GC invocations=1 (full 0):
 garbage-first heap   total 129024K, used 35202K [0x0000000082600000, 0x0000000100000000)
  region size 1024K, 34 young (34816K), 3 survivors (3072K)
 Metaspace       used 10686K, committed 10880K, reserved 1064960K
  class space    used 1309K, committed 1408K, reserved 1048576K
}
Event: 1.755 GC heap after
{Heap after GC invocations=2 (full 0):
 garbage-first heap   total 129024K, used 5933K [0x0000000082600000, 0x0000000100000000)
  region size 1024K, 3 young (3072K), 3 survivors (3072K)
 Metaspace       used 10686K, committed 10880K, reserved 1064960K
  class space    used 1309K, committed 1408K, reserved 1048576K
}
Event: 2.465 GC heap before
{Heap before GC invocations=2 (full 0):
 garbage-first heap   total 129024K, used 79661K [0x0000000082600000, 0x0000000100000000)
  region size 1024K, 75 young (76800K), 3 survivors (3072K)
 Metaspace       used 12504K, committed 12736K, reserved 1064960K
  class space    used 1429K, committed 1536K, reserved 1048576K
}
Event: 2.479 GC heap after
{Heap after GC invocations=3 (full 0):
 garbage-first heap   total 129024K, used 14449K [0x0000000082600000, 0x0000000100000000)
  region size 1024K, 10 young (10240K), 10 survivors (10240K)
 Metaspace       used 12504K, committed 12736K, reserved 1064960K
  class space    used 1429K, committed 1536K, reserved 1048576K
}
Event: 3.199 GC heap before
{Heap before GC invocations=3 (full 0):
 garbage-first heap   total 129024K, used 81009K [0x0000000082600000, 0x0000000100000000)
  region size 1024K, 75 young (76800K), 10 survivors (10240K)
 Metaspace       used 14353K, committed 14528K, reserved 1064960K
  class space    used 1589K, committed 1664K, reserved 1048576K
}
Event: 3.213 GC heap after
{Heap after GC invocations=4 (full 0):
 garbage-first heap   total 129024K, used 21376K [0x0000000082600000, 0x0000000100000000)
  region size 1024K, 8 young (8192K), 8 survivors (8192K)
 Metaspace       used 14353K, committed 14528K, reserved 1064960K
  class space    used 1589K, committed 1664K, reserved 1048576K
}
Event: 3.528 GC heap before
{Heap before GC invocations=4 (full 0):
 garbage-first heap   total 129024K, used 88960K [0x0000000082600000, 0x0000000100000000)
  region size 1024K, 74 young (75776K), 8 survivors (8192K)
 Metaspace       used 14631K, committed 14784K, reserved 1064960K
  class space    used 1596K, committed 1664K, reserved 1048576K
}
Event: 3.542 GC heap after
{Heap after GC invocations=5 (full 0):
 garbage-first heap   total 129024K, used 32705K [0x0000000082600000, 0x0000000100000000)
  region size 1024K, 10 young (10240K), 10 survivors (10240K)
 Metaspace       used 14631K, committed 14784K, reserved 1064960K
  class space    used 1596K, committed 1664K, reserved 1048576K
}
Event: 4.206 GC heap before
{Heap before GC invocations=5 (full 0):
 garbage-first heap   total 129024K, used 93121K [0x0000000082600000, 0x0000000100000000)
  region size 1024K, 67 young (68608K), 10 survivors (10240K)
 Metaspace       used 17206K, committed 17472K, reserved 1064960K
  class space    used 1886K, committed 2048K, reserved 1048576K
}
Event: 4.223 GC heap after
{Heap after GC invocations=6 (full 0):
 garbage-first heap   total 155648K, used 42794K [0x0000000082600000, 0x0000000100000000)
  region size 1024K, 9 young (9216K), 9 survivors (9216K)
 Metaspace       used 17206K, committed 17472K, reserved 1064960K
  class space    used 1886K, committed 2048K, reserved 1048576K
}
Event: 4.720 GC heap before
{Heap before GC invocations=6 (full 0):
 garbage-first heap   total 155648K, used 111402K [0x0000000082600000, 0x0000000100000000)
  region size 1024K, 72 young (73728K), 9 survivors (9216K)
 Metaspace       used 17398K, committed 17728K, reserved 1064960K
  class space    used 1886K, committed 2048K, reserved 1048576K
}
Event: 4.733 GC heap after
{Heap after GC invocations=7 (full 0):
 garbage-first heap   total 155648K, used 55296K [0x0000000082600000, 0x0000000100000000)
  region size 1024K, 9 young (9216K), 9 survivors (9216K)
 Metaspace       used 17398K, committed 17728K, reserved 1064960K
  class space    used 1886K, committed 2048K, reserved 1048576K
}
Event: 4.886 GC heap before
{Heap before GC invocations=7 (full 0):
 garbage-first heap   total 155648K, used 111616K [0x0000000082600000, 0x0000000100000000)
  region size 1024K, 64 young (65536K), 9 survivors (9216K)
 Metaspace       used 17418K, committed 17728K, reserved 1064960K
  class space    used 1886K, committed 2048K, reserved 1048576K
}
Event: 4.899 GC heap after
{Heap after GC invocations=8 (full 0):
 garbage-first heap   total 155648K, used 65536K [0x0000000082600000, 0x0000000100000000)
  region size 1024K, 8 young (8192K), 8 survivors (8192K)
 Metaspace       used 17418K, committed 17728K, reserved 1064960K
  class space    used 1886K, committed 2048K, reserved 1048576K
}
Event: 5.366 GC heap before
{Heap before GC invocations=8 (full 0):
 garbage-first heap   total 155648K, used 116736K [0x0000000082600000, 0x0000000100000000)
  region size 1024K, 55 young (56320K), 8 survivors (8192K)
 Metaspace       used 17848K, committed 18112K, reserved 1064960K
  class space    used 1923K, committed 2048K, reserved 1048576K
}
Event: 5.385 GC heap after
{Heap after GC invocations=9 (full 0):
 garbage-first heap   total 155648K, used 83968K [0x0000000082600000, 0x0000000100000000)
  region size 1024K, 7 young (7168K), 7 survivors (7168K)
 Metaspace       used 17848K, committed 18112K, reserved 1064960K
  class space    used 1923K, committed 2048K, reserved 1048576K
}
Event: 5.595 GC heap before
{Heap before GC invocations=9 (full 0):
 garbage-first heap   total 155648K, used 117760K [0x0000000082600000, 0x0000000100000000)
  region size 1024K, 40 young (40960K), 7 survivors (7168K)
 Metaspace       used 17976K, committed 18240K, reserved 1064960K
  class space    used 1936K, committed 2048K, reserved 1048576K
}

Dll operation events (8 events):
Event: 0.057 Loaded shared library C:\Program Files\Amazon Corretto\jdk17.0.5_8\bin\java.dll
Event: 0.177 Loaded shared library C:\Program Files\Amazon Corretto\jdk17.0.5_8\bin\jsvml.dll
Event: 0.299 Loaded shared library C:\Program Files\Amazon Corretto\jdk17.0.5_8\bin\net.dll
Event: 0.303 Loaded shared library C:\Program Files\Amazon Corretto\jdk17.0.5_8\bin\nio.dll
Event: 0.311 Loaded shared library C:\Program Files\Amazon Corretto\jdk17.0.5_8\bin\zip.dll
Event: 0.506 Loaded shared library C:\Program Files\Amazon Corretto\jdk17.0.5_8\bin\jimage.dll
Event: 0.632 Loaded shared library C:\Program Files\Maven\apache-maven-3.8.6\lib\jansi-native\Windows\x86_64\jansi.dll
Event: 0.649 Loaded shared library C:\Program Files\Amazon Corretto\jdk17.0.5_8\bin\verify.dll

Deoptimization events (20 events):
Event: 5.443 Thread 0x0000020e3a8a6f10 Uncommon trap: trap_request=0xffffff45 fr.pc=0x0000020e4a071cf8 relative=0x00000000000018d8
Event: 5.443 Thread 0x0000020e3a8a6f10 Uncommon trap: reason=unstable_if action=reinterpret pc=0x0000020e4a071cf8 method=java.util.zip.InflaterInputStream.read([BII)I @ 41 c2
Event: 5.443 Thread 0x0000020e3a8a6f10 DEOPT PACKING pc=0x0000020e4a071cf8 sp=0x00000078abafd310
Event: 5.443 Thread 0x0000020e3a8a6f10 DEOPT UNPACKING pc=0x0000020e424023a3 sp=0x00000078abafd360 mode 2
Event: 5.451 Thread 0x0000020e3a8a6f10 Uncommon trap: trap_request=0xffffffbe fr.pc=0x0000020e49ec2828 relative=0x0000000000001068
Event: 5.451 Thread 0x0000020e3a8a6f10 Uncommon trap: reason=profile_predicate action=maybe_recompile pc=0x0000020e49ec2828 method=java.util.concurrent.ConcurrentHashMap.putAll(Ljava/util/Map;)V @ 28 c2
Event: 5.451 Thread 0x0000020e3a8a6f10 DEOPT PACKING pc=0x0000020e49ec2828 sp=0x00000078abafd4c0
Event: 5.451 Thread 0x0000020e3a8a6f10 DEOPT UNPACKING pc=0x0000020e424023a3 sp=0x00000078abafd490 mode 2
Event: 5.452 Thread 0x0000020e3a8a6f10 Uncommon trap: trap_request=0xffffffbe fr.pc=0x0000020e49ec2828 relative=0x0000000000001068
Event: 5.452 Thread 0x0000020e3a8a6f10 Uncommon trap: reason=profile_predicate action=maybe_recompile pc=0x0000020e49ec2828 method=java.util.concurrent.ConcurrentHashMap.putAll(Ljava/util/Map;)V @ 28 c2
Event: 5.452 Thread 0x0000020e3a8a6f10 DEOPT PACKING pc=0x0000020e49ec2828 sp=0x00000078abafd080
Event: 5.452 Thread 0x0000020e3a8a6f10 DEOPT UNPACKING pc=0x0000020e424023a3 sp=0x00000078abafd050 mode 2
Event: 5.452 Thread 0x0000020e3a8a6f10 Uncommon trap: trap_request=0xffffffbe fr.pc=0x0000020e49ec2828 relative=0x0000000000001068
Event: 5.452 Thread 0x0000020e3a8a6f10 Uncommon trap: reason=profile_predicate action=maybe_recompile pc=0x0000020e49ec2828 method=java.util.concurrent.ConcurrentHashMap.putAll(Ljava/util/Map;)V @ 28 c2
Event: 5.452 Thread 0x0000020e3a8a6f10 DEOPT PACKING pc=0x0000020e49ec2828 sp=0x00000078abafcd60
Event: 5.452 Thread 0x0000020e3a8a6f10 DEOPT UNPACKING pc=0x0000020e424023a3 sp=0x00000078abafcd30 mode 2
Event: 5.452 Thread 0x0000020e3a8a6f10 Uncommon trap: trap_request=0xffffffbe fr.pc=0x0000020e49ec2828 relative=0x0000000000001068
Event: 5.452 Thread 0x0000020e3a8a6f10 Uncommon trap: reason=profile_predicate action=maybe_recompile pc=0x0000020e49ec2828 method=java.util.concurrent.ConcurrentHashMap.putAll(Ljava/util/Map;)V @ 28 c2
Event: 5.452 Thread 0x0000020e3a8a6f10 DEOPT PACKING pc=0x0000020e49ec2828 sp=0x00000078abafccc0
Event: 5.452 Thread 0x0000020e3a8a6f10 DEOPT UNPACKING pc=0x0000020e424023a3 sp=0x00000078abafcc90 mode 2

Classes unloaded (0 events):
No events

Classes redefined (0 events):
No events

Internal exceptions (20 events):
Event: 1.634 Thread 0x0000020e3a8a6f10 Exception <a 'java/lang/NoClassDefFoundError'{0x0000000088551550}: com/google/inject/servlet/ServletModuleTargetVisitor> (0x0000000088551550) 
thrown [s\src\hotspot\share\classfile\systemDictionary.cpp, line 245]
Event: 1.684 Thread 0x0000020e3a8a6f10 Exception <a 'java/lang/NoSuchMethodError'{0x000000008849ae90}: 'java.lang.Object java.lang.invoke.DirectMethodHandle$Holder.invokeStaticInit(java.lang.Object, int, int, int, int)'> (0x000000008849ae90) 
thrown [s\src\hotspot\share\interpreter\linkResolver.cpp, line 759]
Event: 1.782 Thread 0x0000020e3a8a6f10 Implicit null exception at 0x0000020e49ea91f2 to 0x0000020e49ea980c
Event: 1.782 Thread 0x0000020e3a8a6f10 Implicit null exception at 0x0000020e49ea8572 to 0x0000020e49ea8bac
Event: 3.611 Thread 0x0000020e3a8a6f10 Implicit null exception at 0x0000020e49f9456f to 0x0000020e49f94738
Event: 3.611 Thread 0x0000020e3a8a6f10 Implicit null exception at 0x0000020e49f05e6f to 0x0000020e49f06044
Event: 3.611 Thread 0x0000020e3a8a6f10 Implicit null exception at 0x0000020e49f0648f to 0x0000020e49f06509
Event: 3.926 Thread 0x0000020e3a8a6f10 Exception <a 'java/lang/NoSuchMethodError'{0x0000000087947860}: 'void java.lang.invoke.DirectMethodHandle$Holder.invokeSpecial(java.lang.Object, java.lang.Object, java.lang.Object)'> (0x0000000087947860) 
thrown [s\src\hotspot\share\interpreter\linkResolver.cpp, line 759]
Event: 4.037 Thread 0x0000020e3a8a6f10 Exception <a 'java/lang/NoSuchMethodError'{0x00000000876cdd38}: 'java.lang.Object java.lang.invoke.DirectMethodHandle$Holder.invokeStaticInit(java.lang.Object, java.lang.Object, int, int, int, int)'> (0x00000000876cdd38) 
thrown [s\src\hotspot\share\interpreter\linkResolver.cpp, line 759]
Event: 4.046 Thread 0x0000020e3a8a6f10 Exception <a 'sun/nio/fs/WindowsException'{0x00000000876fd3e8}> (0x00000000876fd3e8) 
thrown [s\src\hotspot\share\prims\jni.cpp, line 516]
Event: 4.046 Thread 0x0000020e3a8a6f10 Exception <a 'sun/nio/fs/WindowsException'{0x00000000876fd688}> (0x00000000876fd688) 
thrown [s\src\hotspot\share\prims\jni.cpp, line 516]
Event: 4.130 Thread 0x0000020e3a8a6f10 Exception <a 'java/lang/NoSuchMethodError'{0x0000000087035080}: 'java.lang.Object java.lang.invoke.DirectMethodHandle$Holder.invokeStaticInit(java.lang.Object)'> (0x0000000087035080) 
thrown [s\src\hotspot\share\interpreter\linkResolver.cpp, line 759]
Event: 4.149 Thread 0x0000020e3a8a6f10 Exception <a 'java/lang/NoSuchMethodError'{0x0000000087097558}: 'java.lang.Object java.lang.invoke.DirectMethodHandle$Holder.invokeStatic(java.lang.Object, int, java.lang.Object)'> (0x0000000087097558) 
thrown [s\src\hotspot\share\interpreter\linkResolver.cpp, line 759]
Event: 4.199 Thread 0x0000020e3a8a6f10 Exception <a 'java/lang/NoSuchMethodError'{0x0000000086b60a00}: 'void java.lang.invoke.DirectMethodHandle$Holder.invokeStatic(java.lang.Object, java.lang.Object)'> (0x0000000086b60a00) 
thrown [s\src\hotspot\share\interpreter\linkResolver.cpp, line 759]
Event: 4.199 Thread 0x0000020e3a8a6f10 Exception <a 'java/lang/NoSuchMethodError'{0x0000000086b66d28}: 'void java.lang.invoke.DirectMethodHandle$Holder.invokeSpecial(java.lang.Object, java.lang.Object, java.lang.Object, java.lang.Object, java.lang.Object)'> (0x0000000086b66d28) 
thrown [s\src\hotspot\share\interpreter\linkResolver.cpp, line 759]
Event: 4.202 Thread 0x0000020e3a8a6f10 Exception <a 'java/lang/NoSuchMethodError'{0x0000000086b75638}: 'void java.lang.invoke.DirectMethodHandle$Holder.invokeVirtual(java.lang.Object, java.lang.Object)'> (0x0000000086b75638) 
thrown [s\src\hotspot\share\interpreter\linkResolver.cpp, line 759]
Event: 4.421 Thread 0x0000020e3a8a6f10 Implicit null exception at 0x0000020e4a05dc8f to 0x0000020e4a05ec44
Event: 4.839 Thread 0x0000020e3a8a6f10 Implicit null exception at 0x0000020e4a03fc92 to 0x0000020e4a043380
Event: 4.954 Thread 0x0000020e3a8a6f10 Exception <a 'java/lang/NoSuchMethodError'{0x000000008b9497e0}: 'java.lang.Object java.lang.invoke.DirectMethodHandle$Holder.newInvokeSpecial(java.lang.Object, java.lang.Object, java.lang.Object, java.lang.Object, java.lang.Object, java.lang.Object)'> (0x000000008b9497e0) 
thrown [s\src\hotspot\share\interpreter\linkResolver.cpp, line 759]
Event: 5.444 Thread 0x0000020e3a8a6f10 Exception <a 'java/lang/NoSuchMethodError'{0x000000008b4c6c58}: 'java.lang.Object java.lang.invoke.DirectMethodHandle$Holder.invokeInterface(java.lang.Object, java.lang.Object)'> (0x000000008b4c6c58) 
thrown [s\src\hotspot\share\interpreter\linkResolver.cpp, line 759]

VM Operations (20 events):
Event: 4.223 Executing VM operation: G1CollectForAllocation done
Event: 4.658 Executing VM operation: ICBufferFull
Event: 4.658 Executing VM operation: ICBufferFull done
Event: 4.720 Executing VM operation: G1CollectForAllocation
Event: 4.734 Executing VM operation: G1CollectForAllocation done
Event: 4.886 Executing VM operation: G1CollectForAllocation
Event: 4.899 Executing VM operation: G1CollectForAllocation done
Event: 5.202 Executing VM operation: HandshakeAllThreads
Event: 5.202 Executing VM operation: HandshakeAllThreads done
Event: 5.214 Executing VM operation: HandshakeAllThreads
Event: 5.214 Executing VM operation: HandshakeAllThreads done
Event: 5.216 Executing VM operation: ICBufferFull
Event: 5.216 Executing VM operation: ICBufferFull done
Event: 5.240 Executing VM operation: HandshakeAllThreads
Event: 5.240 Executing VM operation: HandshakeAllThreads done
Event: 5.366 Executing VM operation: G1CollectForAllocation
Event: 5.385 Executing VM operation: G1CollectForAllocation done
Event: 5.443 Executing VM operation: HandshakeAllThreads
Event: 5.443 Executing VM operation: HandshakeAllThreads done
Event: 5.595 Executing VM operation: G1CollectForAllocation

Events (20 events):
Event: 5.248 Thread 0x0000020e58bb7b50 flushing nmethod 0x0000020e433e9390
Event: 5.248 Thread 0x0000020e58bb7b50 flushing nmethod 0x0000020e433ea610
Event: 5.248 Thread 0x0000020e58bb7b50 flushing nmethod 0x0000020e433eb210
Event: 5.248 Thread 0x0000020e58bb7b50 flushing nmethod 0x0000020e433ec910
Event: 5.248 Thread 0x0000020e58bb7b50 flushing nmethod 0x0000020e433f1290
Event: 5.248 Thread 0x0000020e58bb7b50 flushing nmethod 0x0000020e433f1f10
Event: 5.248 Thread 0x0000020e58bb7b50 flushing nmethod 0x0000020e433f2790
Event: 5.248 Thread 0x0000020e58bb7b50 flushing nmethod 0x0000020e433f4510
Event: 5.248 Thread 0x0000020e58bb7b50 flushing nmethod 0x0000020e433f4c90
Event: 5.248 Thread 0x0000020e58bb7b50 flushing nmethod 0x0000020e433f5390
Event: 5.343 loading class java/util/concurrent/locks/AbstractQueuedSynchronizer$Node
Event: 5.343 loading class java/util/concurrent/locks/AbstractQueuedSynchronizer$Node done
Event: 5.441 loading class java/io/InterruptedIOException
Event: 5.441 loading class java/io/InterruptedIOException done
Event: 5.441 loading class java/nio/channels/ClosedChannelException
Event: 5.441 loading class java/nio/channels/ClosedChannelException done
Event: 5.443 loading class java/nio/channels/NonWritableChannelException
Event: 5.443 loading class java/nio/channels/NonWritableChannelException done
Event: 5.449 loading class java/util/ResourceBundle$CacheKey
Event: 5.449 loading class java/util/ResourceBundle$CacheKey done


Dynamic libraries:
0x00007ff601270000 - 0x00007ff60127d000 	C:\Program Files\Amazon Corretto\jdk17.0.5_8\bin\java.exe
0x00007fff7a800000 - 0x00007fff7aa09000 	C:\WINDOWS\SYSTEM32\ntdll.dll
0x00007fff796b0000 - 0x00007fff7976e000 	C:\WINDOWS\System32\KERNEL32.DLL
0x00007fff78230000 - 0x00007fff785ab000 	C:\WINDOWS\System32\KERNELBASE.dll
0x00007fff77f00000 - 0x00007fff78011000 	C:\WINDOWS\System32\ucrtbase.dll
0x00007fff50810000 - 0x00007fff50825000 	C:\Program Files\Amazon Corretto\jdk17.0.5_8\bin\VCRUNTIME140.dll
0x00007fff4e9a0000 - 0x00007fff4e9b7000 	C:\Program Files\Amazon Corretto\jdk17.0.5_8\bin\jli.dll
0x00007fff79500000 - 0x00007fff796ad000 	C:\WINDOWS\System32\USER32.dll
0x00007fff5a740000 - 0x00007fff5a9e5000 	C:\WINDOWS\WinSxS\amd64_microsoft.windows.common-controls_6595b64144ccf1df_6.0.22000.120_none_9d947278b86cc467\COMCTL32.dll
0x00007fff78650000 - 0x00007fff78676000 	C:\WINDOWS\System32\win32u.dll
0x00007fff791b0000 - 0x00007fff79253000 	C:\WINDOWS\System32\msvcrt.dll
0x00007fff78680000 - 0x00007fff786a9000 	C:\WINDOWS\System32\GDI32.dll
0x00007fff78110000 - 0x00007fff78228000 	C:\WINDOWS\System32\gdi32full.dll
0x00007fff785b0000 - 0x00007fff7864d000 	C:\WINDOWS\System32\msvcp_win.dll
0x00007fff78e80000 - 0x00007fff78eb2000 	C:\WINDOWS\System32\IMM32.DLL
0x00007fff38200000 - 0x00007fff3829b000 	C:\Program Files\Amazon Corretto\jdk17.0.5_8\bin\msvcp140.dll
0x00007fff22a90000 - 0x00007fff236a4000 	C:\Program Files\Amazon Corretto\jdk17.0.5_8\bin\server\jvm.dll
0x00007fff79c90000 - 0x00007fff79d3e000 	C:\WINDOWS\System32\ADVAPI32.dll
0x00007fff79930000 - 0x00007fff799ce000 	C:\WINDOWS\System32\sechost.dll
0x00007fff78fb0000 - 0x00007fff790d0000 	C:\WINDOWS\System32\RPCRT4.dll
0x00007fff6ea50000 - 0x00007fff6ea5a000 	C:\WINDOWS\SYSTEM32\VERSION.dll
0x00007fff57310000 - 0x00007fff57319000 	C:\WINDOWS\SYSTEM32\WSOCK32.dll
0x00007fff732b0000 - 0x00007fff732e3000 	C:\WINDOWS\SYSTEM32\WINMM.dll
0x00007fff79b30000 - 0x00007fff79b9f000 	C:\WINDOWS\System32\WS2_32.dll
0x00007fff76e00000 - 0x00007fff76e18000 	C:\WINDOWS\SYSTEM32\kernel.appcore.dll
0x00007fff708f0000 - 0x00007fff708fa000 	C:\Program Files\Amazon Corretto\jdk17.0.5_8\bin\jimage.dll
0x00007fff74f50000 - 0x00007fff75171000 	C:\WINDOWS\SYSTEM32\DBGHELP.DLL
0x00007fff5ccc0000 - 0x00007fff5ccf1000 	C:\WINDOWS\SYSTEM32\dbgcore.DLL
0x00007fff78020000 - 0x00007fff7809f000 	C:\WINDOWS\System32\bcryptPrimitives.dll
0x00007fff46d90000 - 0x00007fff46db5000 	C:\Program Files\Amazon Corretto\jdk17.0.5_8\bin\java.dll
0x00007fff36c70000 - 0x00007fff36d46000 	C:\Program Files\Amazon Corretto\jdk17.0.5_8\bin\jsvml.dll
0x00007fff786c0000 - 0x00007fff78e78000 	C:\WINDOWS\System32\SHELL32.dll
0x00007fff75d90000 - 0x00007fff765f5000 	C:\WINDOWS\SYSTEM32\windows.storage.dll
0x00007fff79d50000 - 0x00007fff7a0c8000 	C:\WINDOWS\System32\combase.dll
0x00007fff75c20000 - 0x00007fff75d86000 	C:\WINDOWS\SYSTEM32\wintypes.dll
0x00007fff79ba0000 - 0x00007fff79c8a000 	C:\WINDOWS\System32\SHCORE.dll
0x00007fff7a750000 - 0x00007fff7a7ad000 	C:\WINDOWS\System32\shlwapi.dll
0x00007fff77c00000 - 0x00007fff77c21000 	C:\WINDOWS\SYSTEM32\profapi.dll
0x00007fff4c670000 - 0x00007fff4c689000 	C:\Program Files\Amazon Corretto\jdk17.0.5_8\bin\net.dll
0x00007fff745d0000 - 0x00007fff746e4000 	C:\WINDOWS\SYSTEM32\WINHTTP.dll
0x00007fff772a0000 - 0x00007fff77307000 	C:\WINDOWS\system32\mswsock.dll
0x00007fff49c20000 - 0x00007fff49c35000 	C:\Program Files\Amazon Corretto\jdk17.0.5_8\bin\nio.dll
0x00007fff490a0000 - 0x00007fff490b8000 	C:\Program Files\Amazon Corretto\jdk17.0.5_8\bin\zip.dll
0x0000000069ac0000 - 0x0000000069ae4000 	C:\Program Files\Maven\apache-maven-3.8.6\lib\jansi-native\Windows\x86_64\jansi.dll
0x00007fff62fe0000 - 0x00007fff62ff0000 	C:\Program Files\Amazon Corretto\jdk17.0.5_8\bin\verify.dll
0x00007fff774d0000 - 0x00007fff774e8000 	C:\WINDOWS\SYSTEM32\CRYPTSP.dll
0x00007fff76d60000 - 0x00007fff76d95000 	C:\WINDOWS\system32\rsaenh.dll
0x00007fff77360000 - 0x00007fff77389000 	C:\WINDOWS\SYSTEM32\USERENV.dll
0x00007fff776b0000 - 0x00007fff776d7000 	C:\WINDOWS\SYSTEM32\bcrypt.dll
0x00007fff774c0000 - 0x00007fff774cc000 	C:\WINDOWS\SYSTEM32\CRYPTBASE.dll
0x00007fff76920000 - 0x00007fff7694d000 	C:\WINDOWS\SYSTEM32\IPHLPAPI.DLL
0x00007fff7a7b0000 - 0x00007fff7a7b9000 	C:\WINDOWS\System32\NSI.dll
0x00007fff6fb70000 - 0x00007fff6fb89000 	C:\WINDOWS\SYSTEM32\dhcpcsvc6.DLL
0x00007fff6ff70000 - 0x00007fff6ff8e000 	C:\WINDOWS\SYSTEM32\dhcpcsvc.DLL
0x00007fff76950000 - 0x00007fff76a38000 	C:\WINDOWS\SYSTEM32\DNSAPI.dll

dbghelp: loaded successfully - version: 4.0.5 - missing functions: none
symbol engine: initialized successfully - sym options: 0x614 - pdb path: .;C:\Program Files\Amazon Corretto\jdk17.0.5_8\bin;C:\WINDOWS\SYSTEM32;C:\WINDOWS\WinSxS\amd64_microsoft.windows.common-controls_6595b64144ccf1df_6.0.22000.120_none_9d947278b86cc467;C:\Program Files\Amazon Corretto\jdk17.0.5_8\bin\server;C:\Program Files\Maven\apache-maven-3.8.6\lib\jansi-native\Windows\x86_64

VM Arguments:
jvm_args: -Dclassworlds.conf=C:\Program Files\Maven\apache-maven-3.8.6\bin\m2.conf -Dmaven.home=C:\Program Files\Maven\apache-maven-3.8.6 -Dlibrary.jansi.path=C:\Program Files\Maven\apache-maven-3.8.6\lib\jansi-native -Dmaven.multiModuleProjectDirectory=C:\Users\Hugo Morgadinho\Documents\Personal_Projects\flights-portugal-api 
java_command: org.codehaus.plexus.classworlds.launcher.Launcher clean install
java_class_path (initial): C:\Program Files\Maven\apache-maven-3.8.6\boot\plexus-classworlds-2.6.0.jar
Launcher Type: SUN_STANDARD

[Global flags]
     intx CICompilerCount                          = 4                                         {product} {ergonomic}
     uint ConcGCThreads                            = 2                                         {product} {ergonomic}
     uint G1ConcRefinementThreads                  = 8                                         {product} {ergonomic}
   size_t G1HeapRegionSize                         = 1048576                                   {product} {ergonomic}
    uintx GCDrainStackTargetSize                   = 64                                        {product} {ergonomic}
   size_t InitialHeapSize                          = 132120576                                 {product} {ergonomic}
   size_t MarkStackSize                            = 4194304                                   {product} {ergonomic}
   size_t MaxHeapSize                              = 2107637760                                {product} {ergonomic}
   size_t MaxNewSize                               = 1264582656                                {product} {ergonomic}
   size_t MinHeapDeltaBytes                        = 1048576                                   {product} {ergonomic}
   size_t MinHeapSize                              = 8388608                                   {product} {ergonomic}
    uintx NonNMethodCodeHeapSize                   = 5839372                                {pd product} {ergonomic}
    uintx NonProfiledCodeHeapSize                  = 122909434                              {pd product} {ergonomic}
    uintx ProfiledCodeHeapSize                     = 122909434                              {pd product} {ergonomic}
    uintx ReservedCodeCacheSize                    = 251658240                              {pd product} {ergonomic}
     bool SegmentedCodeCache                       = true                                      {product} {ergonomic}
   size_t SoftMaxHeapSize                          = 2107637760                             {manageable} {ergonomic}
     bool UseCompressedClassPointers               = true                           {product lp64_product} {ergonomic}
     bool UseCompressedOops                        = true                           {product lp64_product} {ergonomic}
     bool UseG1GC                                  = true                                      {product} {ergonomic}
     bool UseLargePagesIndividualAllocation        = false                                  {pd product} {ergonomic}

Logging:
Log output configuration:
 #0: stdout all=warning uptime,level,tags
 #1: stderr all=off uptime,level,tags

Environment Variables:
JAVA_HOME=C:\Program Files\Amazon Corretto\jdk17.0.5_8
PATH=C:\WINDOWS\system32;C:\WINDOWS;C:\WINDOWS\System32\Wbem;C:\WINDOWS\System32\WindowsPowerShell\v1.0\;C:\WINDOWS\System32\OpenSSH\;C:\Program Files\Intel\WiFi\bin\;C:\Program Files\Common Files\Intel\WirelessCommon\;C:\Program Files\Git\cmd;C:\Program Files\Docker\Docker\resources\bin;C:\ProgramData\DockerDesktop\version-bin;C:\Program Files\nodejs\;C:\Program Files\Maven\apache-maven-3.8.6\bin;C:\Program Files\Amazon Corretto\jdk17.0.5_8\bin;C:\Users\Hugo Morgadinho\AppData\Local\Microsoft\WindowsApps;;C:\Program Files\JetBrains\IntelliJ IDEA 2022.1.3\bin;;C:\Users\Hugo Morgadinho\AppData\Local\Programs\Microsoft VS Code\bin;C:\Users\Hugo Morgadinho\AppData\Roaming\npm
USERNAME=Hugo Morgadinho
OS=Windows_NT
PROCESSOR_IDENTIFIER=Intel64 Family 6 Model 142 Stepping 11, GenuineIntel
TMP=C:\Users\HUGOMO~1\AppData\Local\Temp
TEMP=C:\Users\HUGOMO~1\AppData\Local\Temp



---------------  S Y S T E M  ---------------

OS:
 Windows 11 , 64 bit Build 22000 (10.0.22000.1219)
OS uptime: 0 days 7:41 hours
Hyper-V role detected

CPU: total 8 (initial active 8) (4 cores per cpu, 2 threads per core) family 6 model 142 stepping 11 microcode 0xde, cx8, cmov, fxsr, ht, mmx, 3dnowpref, sse, sse2, sse3, ssse3, sse4.1, sse4.2, popcnt, lzcnt, tsc, tscinvbit, avx, avx2, aes, erms, clmul, bmi1, bmi2, adx, fma, vzeroupper, clflush, clflushopt, hv

Memory: 4k page, system-wide physical 8037M (113M free)
TotalPageFile size 32613M (AvailPageFile size 42M)
current process WorkingSet (physical memory assigned to process): 250M, peak: 251M
current process commit charge ("private bytes"): 297M, peak: 356M

vm_info: OpenJDK 64-Bit Server VM (17.0.5+8-LTS) for windows-amd64 JRE (17.0.5+8-LTS), built on Oct 13 2022 05:18:14 by "Administrator" with MS VC++ 15.9 (VS2017)

END.
