#
# There is insufficient memory for the Java Runtime Environment to continue.
# Native memory allocation (mmap) failed to map 313524224 bytes for G1 virtual space
# Possible reasons:
#   The system is out of physical RAM or swap space
#   The process is running with CompressedOops enabled, and the Java Heap may be blocking the growth of the native heap
# Possible solutions:
#   Reduce memory load on the system
#   Increase physical memory or swap space
#   Check if swap backing store is full
#   Decrease Java heap size (-Xmx/-Xms)
#   Decrease number of Java threads
#   Decrease Java thread stack sizes (-Xss)
#   Set larger code cache with -XX:ReservedCodeCacheSize=
#   JVM is running with Unscaled Compressed Oops mode in which the Java heap is
#     placed in the first 4GB address space. The Java Heap base address is the
#     maximum limit for the native heap growth. Please use -XX:HeapBaseMinAddress
#     to set the Java Heap base and to place the Java Heap above 4GB virtual address.
# This output file may be truncated or incomplete.
#
#  Out of Memory Error (os_windows.cpp:3548), pid=18596, tid=14920
#
# JRE version: OpenJDK Runtime Environment Corretto-17.0.5.8.1 (17.0.5+8) (build 17.0.5+8-LTS)
# Java VM: OpenJDK 64-Bit Server VM Corretto-17.0.5.8.1 (17.0.5+8-LTS, mixed mode, sharing, tiered, compressed oops, compressed class ptrs, g1 gc, windows-amd64)
# No core dump will be written. Minidumps are not enabled by default on client versions of Windows
#

---------------  S U M M A R Y ------------

Command Line: -Dclassworlds.conf=C:\Program Files\Maven\apache-maven-3.8.6\bin\m2.conf -Dmaven.home=C:\Program Files\Maven\apache-maven-3.8.6 -Dlibrary.jansi.path=C:\Program Files\Maven\apache-maven-3.8.6\lib\jansi-native -Dmaven.multiModuleProjectDirectory=C:\Users\Hugo Morgadinho\Documents\Personal_Projects\flights-portugal-api org.codehaus.plexus.classworlds.launcher.Launcher clean install

Host: Intel(R) Core(TM) i5-8265U CPU @ 1.60GHz, 8 cores, 7G,  Windows 11 , 64 bit Build 22000 (10.0.22000.1219)
Time: Sun Nov 13 16:50:38 2022 GMT Standard Time elapsed time: 9.711565 seconds (0d 0h 0m 9s)

---------------  T H R E A D  ---------------

Current thread (0x0000018865ef3f80):  VMThread "VM Thread" [stack: 0x00000038edf00000,0x00000038ee000000] [id=14920]

Stack: [0x00000038edf00000,0x00000038ee000000]
Native frames: (J=compiled Java code, j=interpreted, Vv=VM code, C=native code)
V  [jvm.dll+0x646e0a]
V  [jvm.dll+0x7f7f14]
V  [jvm.dll+0x7f96ce]
V  [jvm.dll+0x7f9d23]
V  [jvm.dll+0x234c98]
V  [jvm.dll+0x643d6a]
V  [jvm.dll+0x63849a]
V  [jvm.dll+0x2f2ed9]
V  [jvm.dll+0x2fa066]
V  [jvm.dll+0x345a2a]
V  [jvm.dll+0x345c6f]
V  [jvm.dll+0x2c9378]
V  [jvm.dll+0x2c7867]
V  [jvm.dll+0x2c6e4c]
V  [jvm.dll+0x309f6b]
V  [jvm.dll+0x7fe15b]
V  [jvm.dll+0x7fee38]
V  [jvm.dll+0x7ff365]
V  [jvm.dll+0x7ff734]
V  [jvm.dll+0x7ff7fe]
V  [jvm.dll+0x7aac5a]
V  [jvm.dll+0x645cd5]
C  [ucrtbase.dll+0x26c0c]
C  [KERNEL32.DLL+0x15550]
C  [ntdll.dll+0x485b]

VM_Operation (0x00000038ed9fbf70): G1CollectForAllocation, mode: safepoint, requested by thread 0x0000018847bc6560


---------------  P R O C E S S  ---------------

Threads class SMR info:
_java_thread_list=0x0000018869d8ab20, length=12, elements={
0x0000018847bc6560, 0x0000018865ef9a30, 0x0000018865efa5e0, 0x0000018865f10a90,
0x0000018865f11640, 0x0000018865f18010, 0x0000018865f189c0, 0x0000018865f196a0,
0x0000018865f285b0, 0x0000018865f48ec0, 0x0000018866a132a0, 0x0000018866a18790
}

Java Threads: ( => current thread )
  0x0000018847bc6560 JavaThread "main" [_thread_blocked, id=8020, stack(0x00000038ed900000,0x00000038eda00000)]
  0x0000018865ef9a30 JavaThread "Reference Handler" daemon [_thread_blocked, id=26112, stack(0x00000038ee000000,0x00000038ee100000)]
  0x0000018865efa5e0 JavaThread "Finalizer" daemon [_thread_blocked, id=2924, stack(0x00000038ee100000,0x00000038ee200000)]
  0x0000018865f10a90 JavaThread "Signal Dispatcher" daemon [_thread_blocked, id=8884, stack(0x00000038ee200000,0x00000038ee300000)]
  0x0000018865f11640 JavaThread "Attach Listener" daemon [_thread_blocked, id=23820, stack(0x00000038ee300000,0x00000038ee400000)]
  0x0000018865f18010 JavaThread "Service Thread" daemon [_thread_blocked, id=7836, stack(0x00000038ee400000,0x00000038ee500000)]
  0x0000018865f189c0 JavaThread "Monitor Deflation Thread" daemon [_thread_blocked, id=7368, stack(0x00000038ee500000,0x00000038ee600000)]
  0x0000018865f196a0 JavaThread "C2 CompilerThread0" daemon [_thread_in_native, id=17924, stack(0x00000038ee600000,0x00000038ee700000)]
  0x0000018865f285b0 JavaThread "C1 CompilerThread0" daemon [_thread_blocked, id=23272, stack(0x00000038ee700000,0x00000038ee800000)]
  0x0000018865f48ec0 JavaThread "Sweeper thread" daemon [_thread_blocked, id=2792, stack(0x00000038ee800000,0x00000038ee900000)]
  0x0000018866a132a0 JavaThread "Notification Thread" daemon [_thread_blocked, id=9528, stack(0x00000038ee900000,0x00000038eea00000)]
  0x0000018866a18790 JavaThread "Common-Cleaner" daemon [_thread_blocked, id=25276, stack(0x00000038eeb00000,0x00000038eec00000)]

Other Threads:
=>0x0000018865ef3f80 VMThread "VM Thread" [stack: 0x00000038edf00000,0x00000038ee000000] [id=14920]
  0x0000018847c3e5f0 WatcherThread [stack: 0x00000038eea00000,0x00000038eeb00000] [id=26000]
  0x0000018847c24350 GCTaskThread "GC Thread#0" [stack: 0x00000038eda00000,0x00000038edb00000] [id=24512]
  0x00000188672351b0 GCTaskThread "GC Thread#1" [stack: 0x00000038eec00000,0x00000038eed00000] [id=13188]
  0x00000188671c59b0 GCTaskThread "GC Thread#2" [stack: 0x00000038eed00000,0x00000038eee00000] [id=17168]
  0x0000018867206b30 GCTaskThread "GC Thread#3" [stack: 0x00000038eee00000,0x00000038eef00000] [id=13700]
  0x0000018867206de0 GCTaskThread "GC Thread#4" [stack: 0x00000038eef00000,0x00000038ef000000] [id=25360]
  0x00000188672669c0 GCTaskThread "GC Thread#5" [stack: 0x00000038ef000000,0x00000038ef100000] [id=17092]
  0x0000018867266c70 GCTaskThread "GC Thread#6" [stack: 0x00000038ef100000,0x00000038ef200000] [id=13744]
  0x00000188678a0b80 GCTaskThread "GC Thread#7" [stack: 0x00000038ef200000,0x00000038ef300000] [id=25868]
  0x0000018847c36780 ConcurrentGCThread "G1 Main Marker" [stack: 0x00000038edb00000,0x00000038edc00000] [id=8656]
  0x0000018847c37190 ConcurrentGCThread "G1 Conc#0" [stack: 0x00000038edc00000,0x00000038edd00000] [id=13216]
  0x00000188697f1080 ConcurrentGCThread "G1 Conc#1" [stack: 0x00000038ef600000,0x00000038ef700000] [id=26120]
  0x0000018865dae130 ConcurrentGCThread "G1 Refine#0" [stack: 0x00000038edd00000,0x00000038ede00000] [id=8488]
  0x000001886915c6e0 ConcurrentGCThread "G1 Refine#1" [stack: 0x00000038ef300000,0x00000038ef400000] [id=6312]
  0x000001886915d540 ConcurrentGCThread "G1 Refine#2" [stack: 0x00000038ef400000,0x00000038ef500000] [id=9256]
  0x000001886915b880 ConcurrentGCThread "G1 Refine#3" [stack: 0x00000038ef500000,0x00000038ef600000] [id=18304]
  0x000001886915c120 ConcurrentGCThread "G1 Refine#4" [stack: 0x00000038ef700000,0x00000038ef800000] [id=16848]
  0x0000018865daf810 ConcurrentGCThread "G1 Service" [stack: 0x00000038ede00000,0x00000038edf00000] [id=7900]

Threads with active compile tasks:
C2 CompilerThread0     9748 8490   !   4       java.nio.file.FileTreeWalker::next (144 bytes)
C1 CompilerThread0     9748 8639       2       sun.security.provider.ByteArrayAccess::b2iBig64 (231 bytes)

VM state: at safepoint (normal execution)

VM Mutex/Monitor currently owned by a thread:  ([mutex/lock_event])
[0x0000018847bc2440] Threads_lock - owner thread: 0x0000018865ef3f80
[0x0000018847bc3760] Heap_lock - owner thread: 0x0000018847bc6560

Heap address: 0x0000000082600000, size: 2010 MB, Compressed Oops mode: 32-bit

CDS archive(s) mapped at: [0x0000000800000000-0x0000000800bc0000-0x0000000800bc0000), size 12320768, SharedBaseAddress: 0x0000000800000000, ArchiveRelocationMode: 0.
Compressed class space mapped at: 0x0000000800c00000-0x0000000840c00000, reserved size: 1073741824
Narrow klass base: 0x0000000800000000, Narrow klass shift: 0, Narrow klass range: 0x100000000

GC Precious Log:
 CPUs: 8 total, 8 available
 Memory: 8037M
 Large Page Support: Disabled
 NUMA Support: Disabled
 Compressed Oops: Enabled (32-bit)
 Heap Region Size: 1M
 Heap Min Capacity: 8M
 Heap Initial Capacity: 126M
 Heap Max Capacity: 2010M
 Pre-touch: Disabled
 Parallel Workers: 8
 Concurrent Workers: 2
 Concurrent Refinement Workers: 8
 Periodic GC: Disabled

Heap:
 garbage-first heap   total 218112K, used 136192K [0x0000000082600000, 0x0000000100000000)
  region size 1024K, 6 young (6144K), 6 survivors (6144K)
 Metaspace       used 29508K, committed 29888K, reserved 1081344K
  class space    used 3251K, committed 3456K, reserved 1048576K

Heap Regions: E=young(eden), S=young(survivor), O=old, HS=humongous(starts), HC=humongous(continues), CS=collection set, F=free, OA=open archive, CA=closed archive, TAMS=top-at-mark-start (previous, next)
|   0|0x0000000082600000, 0x0000000082700000, 0x0000000082700000|100%| O|  |TAMS 0x0000000082700000, 0x0000000082700000| Untracked 
|   1|0x0000000082700000, 0x0000000082800000, 0x0000000082800000|100%| O|  |TAMS 0x0000000082800000, 0x0000000082800000| Untracked 
|   2|0x0000000082800000, 0x0000000082900000, 0x0000000082900000|100%| O|  |TAMS 0x0000000082900000, 0x0000000082900000| Untracked 
|   3|0x0000000082900000, 0x0000000082a00000, 0x0000000082a00000|100%| O|  |TAMS 0x0000000082a00000, 0x0000000082a00000| Untracked 
|   4|0x0000000082a00000, 0x0000000082b00000, 0x0000000082b00000|100%| O|  |TAMS 0x0000000082b00000, 0x0000000082b00000| Untracked 
|   5|0x0000000082b00000, 0x0000000082c00000, 0x0000000082c00000|100%| O|  |TAMS 0x0000000082c00000, 0x0000000082c00000| Untracked 
|   6|0x0000000082c00000, 0x0000000082d00000, 0x0000000082d00000|100%| O|  |TAMS 0x0000000082d00000, 0x0000000082d00000| Untracked 
|   7|0x0000000082d00000, 0x0000000082e00000, 0x0000000082e00000|100%| O|  |TAMS 0x0000000082e00000, 0x0000000082e00000| Untracked 
|   8|0x0000000082e00000, 0x0000000082f00000, 0x0000000082f00000|100%| O|  |TAMS 0x0000000082f00000, 0x0000000082f00000| Untracked 
|   9|0x0000000082f00000, 0x0000000083000000, 0x0000000083000000|100%| O|  |TAMS 0x0000000083000000, 0x0000000083000000| Untracked 
|  10|0x0000000083000000, 0x0000000083100000, 0x0000000083100000|100%| O|  |TAMS 0x0000000083100000, 0x0000000083100000| Untracked 
|  11|0x0000000083100000, 0x0000000083200000, 0x0000000083200000|100%| O|  |TAMS 0x0000000083200000, 0x0000000083200000| Untracked 
|  12|0x0000000083200000, 0x0000000083300000, 0x0000000083300000|100%| O|  |TAMS 0x0000000083300000, 0x0000000083300000| Untracked 
|  13|0x0000000083300000, 0x0000000083400000, 0x0000000083400000|100%| O|  |TAMS 0x0000000083400000, 0x0000000083400000| Untracked 
|  14|0x0000000083400000, 0x0000000083500000, 0x0000000083500000|100%| O|  |TAMS 0x0000000083500000, 0x0000000083500000| Untracked 
|  15|0x0000000083500000, 0x0000000083600000, 0x0000000083600000|100%| O|  |TAMS 0x0000000083600000, 0x0000000083600000| Untracked 
|  16|0x0000000083600000, 0x0000000083700000, 0x0000000083700000|100%| O|  |TAMS 0x0000000083700000, 0x0000000083700000| Untracked 
|  17|0x0000000083700000, 0x0000000083800000, 0x0000000083800000|100%| O|  |TAMS 0x0000000083800000, 0x0000000083800000| Untracked 
|  18|0x0000000083800000, 0x0000000083900000, 0x0000000083900000|100%| O|  |TAMS 0x0000000083900000, 0x0000000083900000| Untracked 
|  19|0x0000000083900000, 0x0000000083a00000, 0x0000000083a00000|100%| O|  |TAMS 0x0000000083a00000, 0x0000000083a00000| Untracked 
|  20|0x0000000083a00000, 0x0000000083b00000, 0x0000000083b00000|100%| O|  |TAMS 0x0000000083b00000, 0x0000000083b00000| Untracked 
|  21|0x0000000083b00000, 0x0000000083c00000, 0x0000000083c00000|100%| O|  |TAMS 0x0000000083c00000, 0x0000000083c00000| Untracked 
|  22|0x0000000083c00000, 0x0000000083d00000, 0x0000000083d00000|100%| O|  |TAMS 0x0000000083d00000, 0x0000000083d00000| Untracked 
|  23|0x0000000083d00000, 0x0000000083e00000, 0x0000000083e00000|100%| O|  |TAMS 0x0000000083e00000, 0x0000000083e00000| Untracked 
|  24|0x0000000083e00000, 0x0000000083f00000, 0x0000000083f00000|100%| O|  |TAMS 0x0000000083f00000, 0x0000000083f00000| Untracked 
|  25|0x0000000083f00000, 0x0000000084000000, 0x0000000084000000|100%| O|  |TAMS 0x0000000084000000, 0x0000000084000000| Untracked 
|  26|0x0000000084000000, 0x0000000084100000, 0x0000000084100000|100%| O|  |TAMS 0x0000000084100000, 0x0000000084100000| Untracked 
|  27|0x0000000084100000, 0x0000000084200000, 0x0000000084200000|100%| O|  |TAMS 0x0000000084200000, 0x0000000084200000| Untracked 
|  28|0x0000000084200000, 0x0000000084300000, 0x0000000084300000|100%| O|  |TAMS 0x0000000084300000, 0x0000000084300000| Untracked 
|  29|0x0000000084300000, 0x0000000084400000, 0x0000000084400000|100%| O|  |TAMS 0x0000000084400000, 0x0000000084400000| Untracked 
|  30|0x0000000084400000, 0x0000000084500000, 0x0000000084500000|100%| O|  |TAMS 0x0000000084500000, 0x0000000084500000| Untracked 
|  31|0x0000000084500000, 0x0000000084600000, 0x0000000084600000|100%| O|  |TAMS 0x0000000084600000, 0x0000000084600000| Untracked 
|  32|0x0000000084600000, 0x0000000084700000, 0x0000000084700000|100%| O|  |TAMS 0x0000000084700000, 0x0000000084700000| Untracked 
|  33|0x0000000084700000, 0x0000000084800000, 0x0000000084800000|100%| O|  |TAMS 0x0000000084800000, 0x0000000084800000| Untracked 
|  34|0x0000000084800000, 0x0000000084900000, 0x0000000084900000|100%|HS|  |TAMS 0x0000000084900000, 0x0000000084900000| Complete 
|  35|0x0000000084900000, 0x0000000084a00000, 0x0000000084a00000|100%|HS|  |TAMS 0x0000000084a00000, 0x0000000084a00000| Complete 
|  36|0x0000000084a00000, 0x0000000084b00000, 0x0000000084b00000|100%|HC|  |TAMS 0x0000000084b00000, 0x0000000084b00000| Complete 
|  37|0x0000000084b00000, 0x0000000084c00000, 0x0000000084c00000|100%| O|  |TAMS 0x0000000084c00000, 0x0000000084c00000| Untracked 
|  38|0x0000000084c00000, 0x0000000084d00000, 0x0000000084d00000|100%| O|  |TAMS 0x0000000084d00000, 0x0000000084d00000| Untracked 
|  39|0x0000000084d00000, 0x0000000084e00000, 0x0000000084e00000|100%| O|  |TAMS 0x0000000084e00000, 0x0000000084e00000| Untracked 
|  40|0x0000000084e00000, 0x0000000084f00000, 0x0000000084f00000|100%| O|  |TAMS 0x0000000084f00000, 0x0000000084f00000| Untracked 
|  41|0x0000000084f00000, 0x0000000085000000, 0x0000000085000000|100%| O|  |TAMS 0x0000000085000000, 0x0000000085000000| Untracked 
|  42|0x0000000085000000, 0x0000000085100000, 0x0000000085100000|100%| O|  |TAMS 0x0000000085100000, 0x0000000085100000| Untracked 
|  43|0x0000000085100000, 0x0000000085200000, 0x0000000085200000|100%| O|  |TAMS 0x0000000085200000, 0x0000000085200000| Untracked 
|  44|0x0000000085200000, 0x0000000085300000, 0x0000000085300000|100%| O|  |TAMS 0x0000000085300000, 0x0000000085300000| Untracked 
|  45|0x0000000085300000, 0x0000000085400000, 0x0000000085400000|100%| O|  |TAMS 0x0000000085400000, 0x0000000085400000| Untracked 
|  46|0x0000000085400000, 0x0000000085500000, 0x0000000085500000|100%| O|  |TAMS 0x0000000085500000, 0x0000000085500000| Untracked 
|  47|0x0000000085500000, 0x0000000085600000, 0x0000000085600000|100%| O|  |TAMS 0x0000000085600000, 0x0000000085600000| Untracked 
|  48|0x0000000085600000, 0x0000000085700000, 0x0000000085700000|100%| O|  |TAMS 0x0000000085700000, 0x0000000085700000| Untracked 
|  49|0x0000000085700000, 0x0000000085800000, 0x0000000085800000|100%| O|  |TAMS 0x0000000085800000, 0x0000000085800000| Untracked 
|  50|0x0000000085800000, 0x0000000085900000, 0x0000000085900000|100%| O|  |TAMS 0x0000000085900000, 0x0000000085900000| Untracked 
|  51|0x0000000085900000, 0x0000000085a00000, 0x0000000085a00000|100%| O|  |TAMS 0x0000000085a00000, 0x0000000085a00000| Untracked 
|  52|0x0000000085a00000, 0x0000000085b00000, 0x0000000085b00000|100%| O|  |TAMS 0x0000000085b00000, 0x0000000085b00000| Untracked 
|  53|0x0000000085b00000, 0x0000000085c00000, 0x0000000085c00000|100%| O|  |TAMS 0x0000000085c00000, 0x0000000085c00000| Untracked 
|  54|0x0000000085c00000, 0x0000000085d00000, 0x0000000085d00000|100%| O|  |TAMS 0x0000000085d00000, 0x0000000085d00000| Untracked 
|  55|0x0000000085d00000, 0x0000000085e00000, 0x0000000085e00000|100%| O|  |TAMS 0x0000000085e00000, 0x0000000085e00000| Untracked 
|  56|0x0000000085e00000, 0x0000000085f00000, 0x0000000085f00000|100%| O|  |TAMS 0x0000000085f00000, 0x0000000085f00000| Untracked 
|  57|0x0000000085f00000, 0x0000000086000000, 0x0000000086000000|100%| O|  |TAMS 0x0000000086000000, 0x0000000086000000| Untracked 
|  58|0x0000000086000000, 0x0000000086100000, 0x0000000086100000|100%| O|  |TAMS 0x0000000086100000, 0x0000000086100000| Untracked 
|  59|0x0000000086100000, 0x0000000086200000, 0x0000000086200000|100%| O|  |TAMS 0x0000000086200000, 0x0000000086200000| Untracked 
|  60|0x0000000086200000, 0x0000000086300000, 0x0000000086300000|100%| O|  |TAMS 0x0000000086300000, 0x0000000086300000| Untracked 
|  61|0x0000000086300000, 0x0000000086400000, 0x0000000086400000|100%| O|  |TAMS 0x0000000086400000, 0x0000000086400000| Untracked 
|  62|0x0000000086400000, 0x0000000086500000, 0x0000000086500000|100%| O|  |TAMS 0x0000000086500000, 0x0000000086500000| Untracked 
|  63|0x0000000086500000, 0x0000000086600000, 0x0000000086600000|100%| O|  |TAMS 0x0000000086600000, 0x0000000086600000| Untracked 
|  64|0x0000000086600000, 0x0000000086700000, 0x0000000086700000|100%| O|  |TAMS 0x0000000086700000, 0x0000000086700000| Untracked 
|  65|0x0000000086700000, 0x0000000086800000, 0x0000000086800000|100%| O|  |TAMS 0x0000000086800000, 0x0000000086800000| Untracked 
|  66|0x0000000086800000, 0x0000000086900000, 0x0000000086900000|100%| O|  |TAMS 0x0000000086900000, 0x0000000086900000| Untracked 
|  67|0x0000000086900000, 0x0000000086a00000, 0x0000000086a00000|100%| O|  |TAMS 0x0000000086a00000, 0x0000000086a00000| Untracked 
|  68|0x0000000086a00000, 0x0000000086b00000, 0x0000000086b00000|100%| O|  |TAMS 0x0000000086b00000, 0x0000000086b00000| Untracked 
|  69|0x0000000086b00000, 0x0000000086c00000, 0x0000000086c00000|100%| O|  |TAMS 0x0000000086c00000, 0x0000000086c00000| Untracked 
|  70|0x0000000086c00000, 0x0000000086d00000, 0x0000000086d00000|100%| O|  |TAMS 0x0000000086d00000, 0x0000000086d00000| Untracked 
|  71|0x0000000086d00000, 0x0000000086e00000, 0x0000000086e00000|100%|HS|  |TAMS 0x0000000086d00000, 0x0000000086e00000| Complete 
|  72|0x0000000086e00000, 0x0000000086f00000, 0x0000000086f00000|100%| O|  |TAMS 0x0000000086f00000, 0x0000000086f00000| Untracked 
|  73|0x0000000086f00000, 0x0000000087000000, 0x0000000087000000|100%| O|  |TAMS 0x0000000087000000, 0x0000000087000000| Untracked 
|  74|0x0000000087000000, 0x0000000087100000, 0x0000000087100000|100%| O|  |TAMS 0x0000000087100000, 0x0000000087100000| Untracked 
|  75|0x0000000087100000, 0x0000000087200000, 0x0000000087200000|100%| O|  |TAMS 0x0000000087200000, 0x0000000087200000| Untracked 
|  76|0x0000000087200000, 0x0000000087300000, 0x0000000087300000|100%| O|  |TAMS 0x0000000087300000, 0x0000000087300000| Untracked 
|  77|0x0000000087300000, 0x0000000087400000, 0x0000000087400000|100%| O|  |TAMS 0x0000000087400000, 0x0000000087400000| Untracked 
|  78|0x0000000087400000, 0x0000000087500000, 0x0000000087500000|100%| O|  |TAMS 0x0000000087500000, 0x0000000087500000| Untracked 
|  79|0x0000000087500000, 0x0000000087600000, 0x0000000087600000|100%| O|  |TAMS 0x0000000087600000, 0x0000000087600000| Untracked 
|  80|0x0000000087600000, 0x0000000087700000, 0x0000000087700000|100%| O|  |TAMS 0x0000000087600000, 0x0000000087700000| Untracked 
|  81|0x0000000087700000, 0x0000000087800000, 0x0000000087800000|100%| O|  |TAMS 0x0000000087700000, 0x0000000087700000| Untracked 
|  82|0x0000000087800000, 0x0000000087800000, 0x0000000087900000|  0%| F|  |TAMS 0x0000000087800000, 0x0000000087800000| Untracked 
|  83|0x0000000087900000, 0x0000000087900000, 0x0000000087a00000|  0%| F|  |TAMS 0x0000000087900000, 0x0000000087900000| Untracked 
|  84|0x0000000087a00000, 0x0000000087b00000, 0x0000000087b00000|100%| O|  |TAMS 0x0000000087a00000, 0x0000000087b00000| Untracked 
|  85|0x0000000087b00000, 0x0000000087c00000, 0x0000000087c00000|100%| O|  |TAMS 0x0000000087c00000, 0x0000000087c00000| Untracked 
|  86|0x0000000087c00000, 0x0000000087d00000, 0x0000000087d00000|100%|HS|  |TAMS 0x0000000087d00000, 0x0000000087d00000| Complete 
|  87|0x0000000087d00000, 0x0000000087e00000, 0x0000000087e00000|100%|HC|  |TAMS 0x0000000087e00000, 0x0000000087e00000| Complete 
|  88|0x0000000087e00000, 0x0000000087e00000, 0x0000000087f00000|  0%| F|  |TAMS 0x0000000087e00000, 0x0000000087e00000| Untracked 
|  89|0x0000000087f00000, 0x0000000088000000, 0x0000000088000000|100%| O|  |TAMS 0x0000000088000000, 0x0000000088000000| Untracked 
|  90|0x0000000088000000, 0x0000000088100000, 0x0000000088100000|100%| O|  |TAMS 0x000000008803de00, 0x0000000088100000| Untracked 
|  91|0x0000000088100000, 0x0000000088100000, 0x0000000088200000|  0%| F|  |TAMS 0x0000000088100000, 0x0000000088100000| Untracked 
|  92|0x0000000088200000, 0x0000000088300000, 0x0000000088300000|100%|HS|  |TAMS 0x0000000088300000, 0x0000000088300000| Complete 
|  93|0x0000000088300000, 0x0000000088400000, 0x0000000088400000|100%|HC|  |TAMS 0x0000000088400000, 0x0000000088400000| Complete 
|  94|0x0000000088400000, 0x0000000088500000, 0x0000000088500000|100%| O|  |TAMS 0x0000000088500000, 0x0000000088500000| Untracked 
|  95|0x0000000088500000, 0x0000000088600000, 0x0000000088600000|100%| O|  |TAMS 0x0000000088600000, 0x0000000088600000| Untracked 
|  96|0x0000000088600000, 0x0000000088700000, 0x0000000088700000|100%| O|  |TAMS 0x0000000088700000, 0x0000000088700000| Untracked 
|  97|0x0000000088700000, 0x0000000088800000, 0x0000000088800000|100%| O|  |TAMS 0x0000000088800000, 0x0000000088800000| Untracked 
|  98|0x0000000088800000, 0x0000000088900000, 0x0000000088900000|100%| O|  |TAMS 0x0000000088900000, 0x0000000088900000| Untracked 
|  99|0x0000000088900000, 0x0000000088900000, 0x0000000088a00000|  0%| F|  |TAMS 0x0000000088900000, 0x0000000088900000| Untracked 
| 100|0x0000000088a00000, 0x0000000088b00000, 0x0000000088b00000|100%| O|  |TAMS 0x0000000088b00000, 0x0000000088b00000| Untracked 
| 101|0x0000000088b00000, 0x0000000088c00000, 0x0000000088c00000|100%| O|  |TAMS 0x0000000088c00000, 0x0000000088c00000| Untracked 
| 102|0x0000000088c00000, 0x0000000088d00000, 0x0000000088d00000|100%| O|  |TAMS 0x0000000088d00000, 0x0000000088d00000| Untracked 
| 103|0x0000000088d00000, 0x0000000088e00000, 0x0000000088e00000|100%| O|  |TAMS 0x0000000088e00000, 0x0000000088e00000| Untracked 
| 104|0x0000000088e00000, 0x0000000088f00000, 0x0000000088f00000|100%| O|  |TAMS 0x0000000088f00000, 0x0000000088f00000| Untracked 
| 105|0x0000000088f00000, 0x0000000089000000, 0x0000000089000000|100%| O|  |TAMS 0x0000000088f00000, 0x0000000089000000| Untracked 
| 106|0x0000000089000000, 0x0000000089100000, 0x0000000089100000|100%| O|  |TAMS 0x0000000089100000, 0x0000000089100000| Untracked 
| 107|0x0000000089100000, 0x0000000089200000, 0x0000000089200000|100%| O|  |TAMS 0x0000000089200000, 0x0000000089200000| Untracked 
| 108|0x0000000089200000, 0x0000000089300000, 0x0000000089300000|100%| O|  |TAMS 0x0000000089300000, 0x0000000089300000| Untracked 
| 109|0x0000000089300000, 0x0000000089300000, 0x0000000089400000|  0%| F|  |TAMS 0x0000000089300000, 0x0000000089300000| Untracked 
| 110|0x0000000089400000, 0x0000000089400000, 0x0000000089500000|  0%| F|  |TAMS 0x0000000089400000, 0x0000000089400000| Untracked 
| 111|0x0000000089500000, 0x0000000089500000, 0x0000000089600000|  0%| F|  |TAMS 0x0000000089500000, 0x0000000089500000| Untracked 
| 112|0x0000000089600000, 0x0000000089600000, 0x0000000089700000|  0%| F|  |TAMS 0x0000000089600000, 0x0000000089600000| Untracked 
| 113|0x0000000089700000, 0x0000000089800000, 0x0000000089800000|100%|HS|  |TAMS 0x0000000089700000, 0x0000000089800000| Complete 
| 114|0x0000000089800000, 0x0000000089900000, 0x0000000089900000|100%|HC|  |TAMS 0x0000000089800000, 0x0000000089900000| Complete 
| 115|0x0000000089900000, 0x0000000089a00000, 0x0000000089a00000|100%| O|  |TAMS 0x0000000089900000, 0x0000000089a00000| Untracked 
| 116|0x0000000089a00000, 0x0000000089b00000, 0x0000000089b00000|100%| O|  |TAMS 0x0000000089a00000, 0x0000000089b00000| Untracked 
| 117|0x0000000089b00000, 0x0000000089c00000, 0x0000000089c00000|100%| O|  |TAMS 0x0000000089b00000, 0x0000000089c00000| Untracked 
| 118|0x0000000089c00000, 0x0000000089d00000, 0x0000000089d00000|100%| O|  |TAMS 0x0000000089c00000, 0x0000000089d00000| Untracked 
| 119|0x0000000089d00000, 0x0000000089e00000, 0x0000000089e00000|100%| O|  |TAMS 0x0000000089d00000, 0x0000000089e00000| Untracked 
| 120|0x0000000089e00000, 0x0000000089f00000, 0x0000000089f00000|100%| O|  |TAMS 0x0000000089e00000, 0x0000000089f00000| Untracked 
| 121|0x0000000089f00000, 0x000000008a000000, 0x000000008a000000|100%| O|  |TAMS 0x0000000089f00000, 0x000000008a000000| Untracked 
| 122|0x000000008a000000, 0x000000008a100000, 0x000000008a100000|100%| O|  |TAMS 0x000000008a000000, 0x000000008a100000| Untracked 
| 123|0x000000008a100000, 0x000000008a200000, 0x000000008a200000|100%| O|  |TAMS 0x000000008a100000, 0x000000008a200000| Untracked 
| 124|0x000000008a200000, 0x000000008a300000, 0x000000008a300000|100%| O|  |TAMS 0x000000008a200000, 0x000000008a300000| Untracked 
| 125|0x000000008a300000, 0x000000008a400000, 0x000000008a400000|100%| O|  |TAMS 0x000000008a300000, 0x000000008a400000| Untracked 
| 126|0x000000008a400000, 0x000000008a500000, 0x000000008a500000|100%| O|  |TAMS 0x000000008a400000, 0x000000008a500000| Untracked 
| 127|0x000000008a500000, 0x000000008a600000, 0x000000008a600000|100%| O|  |TAMS 0x000000008a500000, 0x000000008a600000| Untracked 
| 128|0x000000008a600000, 0x000000008a700000, 0x000000008a700000|100%| O|  |TAMS 0x000000008a600000, 0x000000008a700000| Untracked 
| 129|0x000000008a700000, 0x000000008a800000, 0x000000008a800000|100%| O|  |TAMS 0x000000008a700000, 0x000000008a800000| Untracked 
| 130|0x000000008a800000, 0x000000008a900000, 0x000000008a900000|100%| O|  |TAMS 0x000000008a800000, 0x000000008a900000| Untracked 
| 131|0x000000008a900000, 0x000000008aa00000, 0x000000008aa00000|100%| O|  |TAMS 0x000000008a900000, 0x000000008aa00000| Untracked 
| 132|0x000000008aa00000, 0x000000008ab00000, 0x000000008ab00000|100%| O|  |TAMS 0x000000008aa00000, 0x000000008ab00000| Untracked 
| 133|0x000000008ab00000, 0x000000008ac00000, 0x000000008ac00000|100%| O|  |TAMS 0x000000008ab00000, 0x000000008ac00000| Untracked 
| 134|0x000000008ac00000, 0x000000008ad00000, 0x000000008ad00000|100%| O|  |TAMS 0x000000008ac00000, 0x000000008ad00000| Untracked 
| 135|0x000000008ad00000, 0x000000008ae00000, 0x000000008ae00000|100%| O|  |TAMS 0x000000008ad00000, 0x000000008ad55400| Untracked 
| 136|0x000000008ae00000, 0x000000008ae00000, 0x000000008af00000|  0%| F|  |TAMS 0x000000008ae00000, 0x000000008ae00000| Untracked 
| 137|0x000000008af00000, 0x000000008af00000, 0x000000008b000000|  0%| F|  |TAMS 0x000000008af00000, 0x000000008af00000| Untracked 
| 138|0x000000008b000000, 0x000000008b000000, 0x000000008b100000|  0%| F|  |TAMS 0x000000008b000000, 0x000000008b000000| Untracked 
| 139|0x000000008b100000, 0x000000008b100000, 0x000000008b200000|  0%| F|  |TAMS 0x000000008b100000, 0x000000008b100000| Untracked 
| 140|0x000000008b200000, 0x000000008b200000, 0x000000008b300000|  0%| F|  |TAMS 0x000000008b200000, 0x000000008b200000| Untracked 
| 141|0x000000008b300000, 0x000000008b300000, 0x000000008b400000|  0%| F|  |TAMS 0x000000008b300000, 0x000000008b300000| Untracked 
| 142|0x000000008b400000, 0x000000008b400000, 0x000000008b500000|  0%| F|  |TAMS 0x000000008b400000, 0x000000008b400000| Untracked 
| 143|0x000000008b500000, 0x000000008b500000, 0x000000008b600000|  0%| F|  |TAMS 0x000000008b500000, 0x000000008b500000| Untracked 
| 144|0x000000008b600000, 0x000000008b600000, 0x000000008b700000|  0%| F|  |TAMS 0x000000008b600000, 0x000000008b600000| Untracked 
| 145|0x000000008b700000, 0x000000008b700000, 0x000000008b800000|  0%| F|  |TAMS 0x000000008b700000, 0x000000008b700000| Untracked 
| 146|0x000000008b800000, 0x000000008b800000, 0x000000008b900000|  0%| F|  |TAMS 0x000000008b800000, 0x000000008b800000| Untracked 
| 147|0x000000008b900000, 0x000000008b900000, 0x000000008ba00000|  0%| F|  |TAMS 0x000000008b900000, 0x000000008b900000| Untracked 
| 148|0x000000008ba00000, 0x000000008ba00000, 0x000000008bb00000|  0%| F|  |TAMS 0x000000008ba00000, 0x000000008ba00000| Untracked 
| 149|0x000000008bb00000, 0x000000008bb00000, 0x000000008bc00000|  0%| F|  |TAMS 0x000000008bb00000, 0x000000008bb00000| Untracked 
| 150|0x000000008bc00000, 0x000000008bc00000, 0x000000008bd00000|  0%| F|  |TAMS 0x000000008bc00000, 0x000000008bc00000| Untracked 
| 151|0x000000008bd00000, 0x000000008bd00000, 0x000000008be00000|  0%| F|  |TAMS 0x000000008bd00000, 0x000000008bd00000| Untracked 
| 152|0x000000008be00000, 0x000000008be00000, 0x000000008bf00000|  0%| F|  |TAMS 0x000000008be00000, 0x000000008be00000| Untracked 
| 153|0x000000008bf00000, 0x000000008bf00000, 0x000000008c000000|  0%| F|  |TAMS 0x000000008bf00000, 0x000000008bf00000| Untracked 
| 154|0x000000008c000000, 0x000000008c000000, 0x000000008c100000|  0%| F|  |TAMS 0x000000008c000000, 0x000000008c000000| Untracked 
| 155|0x000000008c100000, 0x000000008c100000, 0x000000008c200000|  0%| F|  |TAMS 0x000000008c100000, 0x000000008c100000| Untracked 
| 156|0x000000008c200000, 0x000000008c200000, 0x000000008c300000|  0%| F|  |TAMS 0x000000008c200000, 0x000000008c200000| Untracked 
| 157|0x000000008c300000, 0x000000008c300000, 0x000000008c400000|  0%| F|  |TAMS 0x000000008c300000, 0x000000008c300000| Untracked 
| 158|0x000000008c400000, 0x000000008c400000, 0x000000008c500000|  0%| F|  |TAMS 0x000000008c400000, 0x000000008c400000| Untracked 
| 159|0x000000008c500000, 0x000000008c500000, 0x000000008c600000|  0%| F|  |TAMS 0x000000008c500000, 0x000000008c500000| Untracked 
| 160|0x000000008c600000, 0x000000008c600000, 0x000000008c700000|  0%| F|  |TAMS 0x000000008c600000, 0x000000008c600000| Untracked 
| 161|0x000000008c700000, 0x000000008c700000, 0x000000008c800000|  0%| F|  |TAMS 0x000000008c700000, 0x000000008c700000| Untracked 
| 162|0x000000008c800000, 0x000000008c800000, 0x000000008c900000|  0%| F|  |TAMS 0x000000008c800000, 0x000000008c800000| Untracked 
| 163|0x000000008c900000, 0x000000008c900000, 0x000000008ca00000|  0%| F|  |TAMS 0x000000008c900000, 0x000000008c900000| Untracked 
| 164|0x000000008ca00000, 0x000000008ca00000, 0x000000008cb00000|  0%| F|  |TAMS 0x000000008ca00000, 0x000000008ca00000| Untracked 
| 165|0x000000008cb00000, 0x000000008cb00000, 0x000000008cc00000|  0%| F|  |TAMS 0x000000008cb00000, 0x000000008cb00000| Untracked 
| 166|0x000000008cc00000, 0x000000008cd00000, 0x000000008cd00000|100%| S|CS|TAMS 0x000000008cc00000, 0x000000008cc00000| Complete 
| 167|0x000000008cd00000, 0x000000008ce00000, 0x000000008ce00000|100%| S|CS|TAMS 0x000000008cd00000, 0x000000008cd00000| Complete 
| 168|0x000000008ce00000, 0x000000008cf00000, 0x000000008cf00000|100%| S|CS|TAMS 0x000000008ce00000, 0x000000008ce00000| Complete 
| 169|0x000000008cf00000, 0x000000008d000000, 0x000000008d000000|100%| S|CS|TAMS 0x000000008cf00000, 0x000000008cf00000| Complete 
| 170|0x000000008d000000, 0x000000008d100000, 0x000000008d100000|100%| S|CS|TAMS 0x000000008d000000, 0x000000008d000000| Complete 
| 171|0x000000008d100000, 0x000000008d200000, 0x000000008d200000|100%| S|CS|TAMS 0x000000008d100000, 0x000000008d100000| Complete 
| 172|0x000000008d200000, 0x000000008d200000, 0x000000008d300000|  0%| F|  |TAMS 0x000000008d200000, 0x000000008d200000| Untracked 
| 173|0x000000008d300000, 0x000000008d300000, 0x000000008d400000|  0%| F|  |TAMS 0x000000008d300000, 0x000000008d300000| Untracked 
| 174|0x000000008d400000, 0x000000008d400000, 0x000000008d500000|  0%| F|  |TAMS 0x000000008d400000, 0x000000008d400000| Untracked 
| 175|0x000000008d500000, 0x000000008d500000, 0x000000008d600000|  0%| F|  |TAMS 0x000000008d500000, 0x000000008d500000| Untracked 
| 176|0x000000008d600000, 0x000000008d600000, 0x000000008d700000|  0%| F|  |TAMS 0x000000008d600000, 0x000000008d600000| Untracked 
| 177|0x000000008d700000, 0x000000008d700000, 0x000000008d800000|  0%| F|  |TAMS 0x000000008d700000, 0x000000008d700000| Untracked 
| 178|0x000000008d800000, 0x000000008d800000, 0x000000008d900000|  0%| F|  |TAMS 0x000000008d800000, 0x000000008d800000| Untracked 
| 179|0x000000008d900000, 0x000000008d900000, 0x000000008da00000|  0%| F|  |TAMS 0x000000008d900000, 0x000000008d900000| Untracked 
| 180|0x000000008da00000, 0x000000008da00000, 0x000000008db00000|  0%| F|  |TAMS 0x000000008da00000, 0x000000008da00000| Untracked 
| 181|0x000000008db00000, 0x000000008db00000, 0x000000008dc00000|  0%| F|  |TAMS 0x000000008db00000, 0x000000008db00000| Untracked 
| 182|0x000000008dc00000, 0x000000008dc00000, 0x000000008dd00000|  0%| F|  |TAMS 0x000000008dc00000, 0x000000008dc00000| Untracked 
| 183|0x000000008dd00000, 0x000000008dd00000, 0x000000008de00000|  0%| F|  |TAMS 0x000000008dd00000, 0x000000008dd00000| Untracked 
| 184|0x000000008de00000, 0x000000008de00000, 0x000000008df00000|  0%| F|  |TAMS 0x000000008de00000, 0x000000008de00000| Untracked 
| 185|0x000000008df00000, 0x000000008df00000, 0x000000008e000000|  0%| F|  |TAMS 0x000000008df00000, 0x000000008df00000| Untracked 
| 186|0x000000008e000000, 0x000000008e000000, 0x000000008e100000|  0%| F|  |TAMS 0x000000008e000000, 0x000000008e000000| Untracked 
| 187|0x000000008e100000, 0x000000008e100000, 0x000000008e200000|  0%| F|  |TAMS 0x000000008e100000, 0x000000008e100000| Untracked 
| 188|0x000000008e200000, 0x000000008e200000, 0x000000008e300000|  0%| F|  |TAMS 0x000000008e200000, 0x000000008e200000| Untracked 
| 189|0x000000008e300000, 0x000000008e300000, 0x000000008e400000|  0%| F|  |TAMS 0x000000008e300000, 0x000000008e300000| Untracked 
| 190|0x000000008e400000, 0x000000008e400000, 0x000000008e500000|  0%| F|  |TAMS 0x000000008e400000, 0x000000008e400000| Untracked 
| 191|0x000000008e500000, 0x000000008e500000, 0x000000008e600000|  0%| F|  |TAMS 0x000000008e500000, 0x000000008e500000| Untracked 
| 192|0x000000008e600000, 0x000000008e600000, 0x000000008e700000|  0%| F|  |TAMS 0x000000008e600000, 0x000000008e600000| Untracked 
| 193|0x000000008e700000, 0x000000008e700000, 0x000000008e800000|  0%| F|  |TAMS 0x000000008e700000, 0x000000008e700000| Untracked 
| 194|0x000000008e800000, 0x000000008e800000, 0x000000008e900000|  0%| F|  |TAMS 0x000000008e800000, 0x000000008e800000| Untracked 
| 195|0x000000008e900000, 0x000000008e900000, 0x000000008ea00000|  0%| F|  |TAMS 0x000000008e900000, 0x000000008e900000| Untracked 
| 196|0x000000008ea00000, 0x000000008ea00000, 0x000000008eb00000|  0%| F|  |TAMS 0x000000008ea00000, 0x000000008ea00000| Untracked 
| 197|0x000000008eb00000, 0x000000008eb00000, 0x000000008ec00000|  0%| F|  |TAMS 0x000000008eb00000, 0x000000008eb00000| Untracked 
| 198|0x000000008ec00000, 0x000000008ec00000, 0x000000008ed00000|  0%| F|  |TAMS 0x000000008ec00000, 0x000000008ec00000| Untracked 
| 199|0x000000008ed00000, 0x000000008ed00000, 0x000000008ee00000|  0%| F|  |TAMS 0x000000008ed00000, 0x000000008ed00000| Untracked 
| 200|0x000000008ee00000, 0x000000008ee00000, 0x000000008ef00000|  0%| F|  |TAMS 0x000000008ee00000, 0x000000008ee00000| Untracked 
| 201|0x000000008ef00000, 0x000000008ef00000, 0x000000008f000000|  0%| F|  |TAMS 0x000000008ef00000, 0x000000008ef00000| Untracked 
| 202|0x000000008f000000, 0x000000008f000000, 0x000000008f100000|  0%| F|  |TAMS 0x000000008f000000, 0x000000008f000000| Untracked 
| 203|0x000000008f100000, 0x000000008f100000, 0x000000008f200000|  0%| F|  |TAMS 0x000000008f100000, 0x000000008f100000| Untracked 
| 204|0x000000008f200000, 0x000000008f200000, 0x000000008f300000|  0%| F|  |TAMS 0x000000008f200000, 0x000000008f200000| Untracked 
| 205|0x000000008f300000, 0x000000008f300000, 0x000000008f400000|  0%| F|  |TAMS 0x000000008f300000, 0x000000008f300000| Untracked 
| 206|0x000000008f400000, 0x000000008f400000, 0x000000008f500000|  0%| F|  |TAMS 0x000000008f400000, 0x000000008f400000| Untracked 
| 207|0x000000008f500000, 0x000000008f500000, 0x000000008f600000|  0%| F|  |TAMS 0x000000008f500000, 0x000000008f500000| Untracked 
| 208|0x000000008f600000, 0x000000008f600000, 0x000000008f700000|  0%| F|  |TAMS 0x000000008f600000, 0x000000008f600000| Untracked 
| 209|0x000000008f700000, 0x000000008f700000, 0x000000008f800000|  0%| F|  |TAMS 0x000000008f700000, 0x000000008f700000| Untracked 
| 210|0x000000008f800000, 0x000000008f800000, 0x000000008f900000|  0%| F|  |TAMS 0x000000008f800000, 0x000000008f800000| Untracked 
| 211|0x000000008f900000, 0x000000008f900000, 0x000000008fa00000|  0%| F|  |TAMS 0x000000008f900000, 0x000000008f900000| Untracked 
| 212|0x000000008fa00000, 0x000000008fa00000, 0x000000008fb00000|  0%| F|  |TAMS 0x000000008fa00000, 0x000000008fa00000| Untracked 

Card table byte_map: [0x000001885edf0000,0x000001885f1e0000] _byte_map_base: 0x000001885e9dd000

Marking Bits (Prev, Next): (CMBitMap*) 0x0000018847c259b0, (CMBitMap*) 0x0000018847c25970
 Prev Bits: [0x0000018861540000, 0x00000188634a8000)
 Next Bits: [0x000001885f5d0000, 0x0000018861538000)

Polling page: 0x0000018845b00000

Metaspace:

Usage:
  Non-class:     25.64 MB used.
      Class:      3.18 MB used.
       Both:     28.82 MB used.

Virtual space:
  Non-class space:       32.00 MB reserved,      25.81 MB ( 81%) committed,  4 nodes.
      Class space:        1.00 GB reserved,       3.38 MB ( <1%) committed,  1 nodes.
             Both:        1.03 GB reserved,      29.19 MB (  3%) committed. 

Chunk freelists:
   Non-Class:  1.70 MB
       Class:  664.00 KB
        Both:  2.35 MB

MaxMetaspaceSize: unlimited
CompressedClassSpaceSize: 1.00 GB
Initial GC threshold: 21.00 MB
Current GC threshold: 48.13 MB
CDS: on
MetaspaceReclaimPolicy: balanced
 - commit_granule_bytes: 65536.
 - commit_granule_words: 8192.
 - virtual_space_node_default_size: 1048576.
 - enlarge_chunks_in_place: 1.
 - new_chunks_are_fully_committed: 0.
 - uncommit_free_chunks: 1.
 - use_allocation_guard: 0.
 - handle_deallocations: 1.


Internal statistics:

num_allocs_failed_limit: 0.
num_arena_births: 308.
num_arena_deaths: 8.
num_vsnodes_births: 5.
num_vsnodes_deaths: 0.
num_space_committed: 484.
num_space_uncommitted: 17.
num_chunks_returned_to_freelist: 91.
num_chunks_taken_from_freelist: 1483.
num_chunk_merges: 22.
num_chunk_splits: 995.
num_chunks_enlarged: 744.
num_purges: 2.
num_inconsistent_stats: 0.

CodeHeap 'non-profiled nmethods': size=120000Kb used=3131Kb max_used=3247Kb free=116868Kb
 bounds [0x00000188571a0000, 0x00000188574e0000, 0x000001885e6d0000]
CodeHeap 'profiled nmethods': size=120000Kb used=13403Kb max_used=14795Kb free=106596Kb
 bounds [0x000001884fc70000, 0x0000018850af0000, 0x00000188571a0000]
CodeHeap 'non-nmethods': size=5760Kb used=1233Kb max_used=1304Kb free=4527Kb
 bounds [0x000001884f6d0000, 0x000001884f940000, 0x000001884fc70000]
 total_blobs=7375 nmethods=6833 adapters=454
 compilation: enabled
              stopped_count=0, restarted_count=0
 full_count=0

Compilation events (20 events):
Event: 9.670 Thread 0x0000018865f285b0 nmethod 8622 0x000001884fe08c90 code [0x000001884fe08f20, 0x000001884fe09978]
Event: 9.670 Thread 0x0000018865f285b0 8626   !   2       org.apache.maven.plugin.PluginParameterExpressionEvaluator::evaluate (1319 bytes)
Event: 9.682 Thread 0x0000018865f285b0 nmethod 8626 0x00000188506ea310 code [0x00000188506eae80, 0x00000188506ee768]
Event: 9.682 Thread 0x0000018865f285b0 8630       2       org.eclipse.sisu.plexus.Roles::camelizeName (126 bytes)
Event: 9.683 Thread 0x0000018865f285b0 nmethod 8630 0x0000018850577110 code [0x0000018850577380, 0x0000018850577bf8]
Event: 9.683 Thread 0x0000018865f285b0 8633       2       jdk.internal.math.FDBigInteger::mult (64 bytes)
Event: 9.684 Thread 0x0000018865f285b0 nmethod 8633 0x000001884fecea10 code [0x000001884fecebc0, 0x000001884fecedd8]
Event: 9.684 Thread 0x0000018865f285b0 8628       2       org.apache.maven.artifact.resolver.filter.CumulativeScopeArtifactFilter::include (6 bytes)
Event: 9.684 Thread 0x0000018865f285b0 nmethod 8628 0x000001885015b190 code [0x000001885015b320, 0x000001885015b448]
Event: 9.684 Thread 0x0000018865f285b0 8629       2       org.apache.maven.artifact.resolver.filter.AbstractScopeArtifactFilter::include (97 bytes)
Event: 9.684 Thread 0x0000018865f285b0 nmethod 8629 0x000001884ff9a010 code [0x000001884ff9a220, 0x000001884ff9a688]
Event: 9.684 Thread 0x0000018865f285b0 8627       2       org.apache.maven.plugin.PluginParameterExpressionEvaluator::stripTokens (38 bytes)
Event: 9.685 Thread 0x0000018865f285b0 nmethod 8627 0x0000018850207190 code [0x0000018850207360, 0x0000018850207598]
Event: 9.686 Thread 0x0000018865f285b0 8631       2       java.lang.reflect.Method::setMethodAccessor (21 bytes)
Event: 9.686 Thread 0x0000018865f285b0 nmethod 8631 0x000001885010c510 code [0x000001885010c6c0, 0x000001885010c8c8]
Event: 9.686 Thread 0x0000018865f285b0 8632       2       java.lang.Class::getMethods (26 bytes)
Event: 9.686 Thread 0x0000018865f285b0 nmethod 8632 0x000001885004b790 code [0x000001885004b960, 0x000001885004baf8]
Event: 9.689 Thread 0x0000018865f285b0 8638 %     3       sun.security.provider.SHA::implCompress0 @ 379 (506 bytes)
Event: 9.689 Thread 0x0000018865f285b0 nmethod 8638% 0x00000188500dc510 code [0x00000188500dc740, 0x00000188500dd2a8]
Event: 9.690 Thread 0x0000018865f285b0 8639       2       sun.security.provider.ByteArrayAccess::b2iBig64 (231 bytes)

GC Heap History (20 events):
Event: 5.230 GC heap after
{Heap after GC invocations=9 (full 0):
 garbage-first heap   total 155648K, used 82432K [0x0000000082600000, 0x0000000100000000)
  region size 1024K, 8 young (8192K), 8 survivors (8192K)
 Metaspace       used 17854K, committed 18112K, reserved 1064960K
  class space    used 1923K, committed 2048K, reserved 1048576K
}
Event: 5.543 GC heap before
{Heap before GC invocations=9 (full 0):
 garbage-first heap   total 155648K, used 117248K [0x0000000082600000, 0x0000000100000000)
  region size 1024K, 42 young (43008K), 8 survivors (8192K)
 Metaspace       used 18057K, committed 18304K, reserved 1064960K
  class space    used 1941K, committed 2048K, reserved 1048576K
}
Event: 5.555 GC heap after
{Heap after GC invocations=10 (full 0):
 garbage-first heap   total 218112K, used 89088K [0x0000000082600000, 0x0000000100000000)
  region size 1024K, 6 young (6144K), 6 survivors (6144K)
 Metaspace       used 18057K, committed 18304K, reserved 1064960K
  class space    used 1941K, committed 2048K, reserved 1048576K
}
Event: 7.206 GC heap before
{Heap before GC invocations=11 (full 0):
 garbage-first heap   total 218112K, used 166912K [0x0000000082600000, 0x0000000100000000)
  region size 1024K, 70 young (71680K), 6 survivors (6144K)
 Metaspace       used 26407K, committed 26688K, reserved 1073152K
  class space    used 2936K, committed 3072K, reserved 1048576K
}
Event: 7.220 GC heap after
{Heap after GC invocations=12 (full 0):
 garbage-first heap   total 218112K, used 114688K [0x0000000082600000, 0x0000000100000000)
  region size 1024K, 9 young (9216K), 9 survivors (9216K)
 Metaspace       used 26407K, committed 26688K, reserved 1073152K
  class space    used 2936K, committed 3072K, reserved 1048576K
}
Event: 7.249 GC heap before
{Heap before GC invocations=12 (full 0):
 garbage-first heap   total 218112K, used 115712K [0x0000000082600000, 0x0000000100000000)
  region size 1024K, 10 young (10240K), 9 survivors (9216K)
 Metaspace       used 26461K, committed 26816K, reserved 1081344K
  class space    used 2943K, committed 3072K, reserved 1048576K
}
Event: 7.254 GC heap after
{Heap after GC invocations=13 (full 0):
 garbage-first heap   total 218112K, used 115979K [0x0000000082600000, 0x0000000100000000)
  region size 1024K, 2 young (2048K), 2 survivors (2048K)
 Metaspace       used 26461K, committed 26816K, reserved 1081344K
  class space    used 2943K, committed 3072K, reserved 1048576K
}
Event: 7.877 GC heap before
{Heap before GC invocations=13 (full 0):
 garbage-first heap   total 218112K, used 162059K [0x0000000082600000, 0x0000000100000000)
  region size 1024K, 47 young (48128K), 2 survivors (2048K)
 Metaspace       used 28381K, committed 28736K, reserved 1081344K
  class space    used 3169K, committed 3328K, reserved 1048576K
}
Event: 7.879 GC heap after
{Heap after GC invocations=14 (full 0):
 garbage-first heap   total 218112K, used 115763K [0x0000000082600000, 0x0000000100000000)
  region size 1024K, 2 young (2048K), 2 survivors (2048K)
 Metaspace       used 28381K, committed 28736K, reserved 1081344K
  class space    used 3169K, committed 3328K, reserved 1048576K
}
Event: 8.542 GC heap before
{Heap before GC invocations=15 (full 0):
 garbage-first heap   total 218112K, used 169011K [0x0000000082600000, 0x0000000100000000)
  region size 1024K, 51 young (52224K), 2 survivors (2048K)
 Metaspace       used 30193K, committed 30528K, reserved 1081344K
  class space    used 3376K, committed 3520K, reserved 1048576K
}
Event: 8.546 GC heap after
{Heap after GC invocations=16 (full 0):
 garbage-first heap   total 218112K, used 121319K [0x0000000082600000, 0x0000000100000000)
  region size 1024K, 6 young (6144K), 6 survivors (6144K)
 Metaspace       used 30193K, committed 30528K, reserved 1081344K
  class space    used 3376K, committed 3520K, reserved 1048576K
}
Event: 8.657 GC heap before
{Heap before GC invocations=16 (full 0):
 garbage-first heap   total 218112K, used 125415K [0x0000000082600000, 0x0000000100000000)
  region size 1024K, 10 young (10240K), 6 survivors (6144K)
 Metaspace       used 30209K, committed 30528K, reserved 1081344K
  class space    used 3376K, committed 3520K, reserved 1048576K
}
Event: 8.661 GC heap after
{Heap after GC invocations=17 (full 0):
 garbage-first heap   total 218112K, used 111829K [0x0000000082600000, 0x0000000100000000)
  region size 1024K, 1 young (1024K), 1 survivors (1024K)
 Metaspace       used 30209K, committed 30528K, reserved 1081344K
  class space    used 3376K, committed 3520K, reserved 1048576K
}
Event: 8.961 GC heap before
{Heap before GC invocations=17 (full 0):
 garbage-first heap   total 218112K, used 146645K [0x0000000082600000, 0x0000000100000000)
  region size 1024K, 36 young (36864K), 1 survivors (1024K)
 Metaspace       used 30256K, committed 30656K, reserved 1081344K
  class space    used 3376K, committed 3520K, reserved 1048576K
}
Event: 8.963 GC heap after
{Heap after GC invocations=18 (full 0):
 garbage-first heap   total 218112K, used 115525K [0x0000000082600000, 0x0000000100000000)
  region size 1024K, 5 young (5120K), 5 survivors (5120K)
 Metaspace       used 30256K, committed 30656K, reserved 1081344K
  class space    used 3376K, committed 3520K, reserved 1048576K
}
Event: 9.219 GC heap before
{Heap before GC invocations=19 (full 0):
 garbage-first heap   total 218112K, used 170821K [0x0000000082600000, 0x0000000100000000)
  region size 1024K, 56 young (57344K), 5 survivors (5120K)
 Metaspace       used 28616K, committed 29568K, reserved 1081344K
  class space    used 3173K, committed 3392K, reserved 1048576K
}
Event: 9.229 GC heap after
{Heap after GC invocations=20 (full 0):
 garbage-first heap   total 218112K, used 135399K [0x0000000082600000, 0x0000000100000000)
  region size 1024K, 7 young (7168K), 7 survivors (7168K)
 Metaspace       used 28616K, committed 29568K, reserved 1081344K
  class space    used 3173K, committed 3392K, reserved 1048576K
}
Event: 9.235 GC heap before
{Heap before GC invocations=20 (full 0):
 garbage-first heap   total 218112K, used 137447K [0x0000000082600000, 0x0000000100000000)
  region size 1024K, 10 young (10240K), 7 survivors (7168K)
 Metaspace       used 28616K, committed 29568K, reserved 1081344K
  class space    used 3173K, committed 3392K, reserved 1048576K
}
Event: 9.241 GC heap after
{Heap after GC invocations=21 (full 0):
 garbage-first heap   total 218112K, used 129767K [0x0000000082600000, 0x0000000100000000)
  region size 1024K, 2 young (2048K), 2 survivors (2048K)
 Metaspace       used 28616K, committed 29568K, reserved 1081344K
  class space    used 3173K, committed 3392K, reserved 1048576K
}
Event: 9.693 GC heap before
{Heap before GC invocations=21 (full 0):
 garbage-first heap   total 218112K, used 169703K [0x0000000082600000, 0x0000000100000000)
  region size 1024K, 41 young (41984K), 2 survivors (2048K)
 Metaspace       used 29508K, committed 29888K, reserved 1081344K
  class space    used 3251K, committed 3456K, reserved 1048576K
}

Dll operation events (8 events):
Event: 0.063 Loaded shared library C:\Program Files\Amazon Corretto\jdk17.0.5_8\bin\java.dll
Event: 0.164 Loaded shared library C:\Program Files\Amazon Corretto\jdk17.0.5_8\bin\jsvml.dll
Event: 0.272 Loaded shared library C:\Program Files\Amazon Corretto\jdk17.0.5_8\bin\net.dll
Event: 0.275 Loaded shared library C:\Program Files\Amazon Corretto\jdk17.0.5_8\bin\nio.dll
Event: 0.283 Loaded shared library C:\Program Files\Amazon Corretto\jdk17.0.5_8\bin\zip.dll
Event: 0.476 Loaded shared library C:\Program Files\Amazon Corretto\jdk17.0.5_8\bin\jimage.dll
Event: 0.581 Loaded shared library C:\Program Files\Maven\apache-maven-3.8.6\lib\jansi-native\Windows\x86_64\jansi.dll
Event: 0.595 Loaded shared library C:\Program Files\Amazon Corretto\jdk17.0.5_8\bin\verify.dll

Deoptimization events (20 events):
Event: 9.255 Thread 0x0000018847bc6560 DEOPT PACKING pc=0x0000018850a46ae7 sp=0x00000038ed9fd0c0
Event: 9.255 Thread 0x0000018847bc6560 DEOPT UNPACKING pc=0x000001884f722b43 sp=0x00000038ed9fc650 mode 0
Event: 9.404 Thread 0x0000018847bc6560 Uncommon trap: trap_request=0xffffffde fr.pc=0x00000188574c148c relative=0x0000000000000b8c
Event: 9.404 Thread 0x0000018847bc6560 Uncommon trap: reason=class_check action=maybe_recompile pc=0x00000188574c148c method=java.util.AbstractMap.equals(Ljava/lang/Object;)Z @ 8 c2
Event: 9.404 Thread 0x0000018847bc6560 DEOPT PACKING pc=0x00000188574c148c sp=0x00000038ed9fdfb0
Event: 9.404 Thread 0x0000018847bc6560 DEOPT UNPACKING pc=0x000001884f7223a3 sp=0x00000038ed9fdf58 mode 2
Event: 9.408 Thread 0x0000018847bc6560 Uncommon trap: trap_request=0xffffffde fr.pc=0x00000188574c148c relative=0x0000000000000b8c
Event: 9.409 Thread 0x0000018847bc6560 Uncommon trap: reason=class_check action=maybe_recompile pc=0x00000188574c148c method=java.util.AbstractMap.equals(Ljava/lang/Object;)Z @ 8 c2
Event: 9.409 Thread 0x0000018847bc6560 DEOPT PACKING pc=0x00000188574c148c sp=0x00000038ed9fdfb0
Event: 9.409 Thread 0x0000018847bc6560 DEOPT UNPACKING pc=0x000001884f7223a3 sp=0x00000038ed9fdf58 mode 2
Event: 9.457 Thread 0x0000018847bc6560 Uncommon trap: trap_request=0xffffffde fr.pc=0x00000188574c148c relative=0x0000000000000b8c
Event: 9.457 Thread 0x0000018847bc6560 Uncommon trap: reason=class_check action=maybe_recompile pc=0x00000188574c148c method=java.util.AbstractMap.equals(Ljava/lang/Object;)Z @ 8 c2
Event: 9.457 Thread 0x0000018847bc6560 DEOPT PACKING pc=0x00000188574c148c sp=0x00000038ed9fce20
Event: 9.457 Thread 0x0000018847bc6560 DEOPT UNPACKING pc=0x000001884f7223a3 sp=0x00000038ed9fcdc8 mode 2
Event: 9.460 Thread 0x0000018847bc6560 Uncommon trap: trap_request=0xffffffde fr.pc=0x00000188574c148c relative=0x0000000000000b8c
Event: 9.460 Thread 0x0000018847bc6560 Uncommon trap: reason=class_check action=maybe_recompile pc=0x00000188574c148c method=java.util.AbstractMap.equals(Ljava/lang/Object;)Z @ 8 c2
Event: 9.460 Thread 0x0000018847bc6560 DEOPT PACKING pc=0x00000188574c148c sp=0x00000038ed9fce20
Event: 9.460 Thread 0x0000018847bc6560 DEOPT UNPACKING pc=0x000001884f7223a3 sp=0x00000038ed9fcdc8 mode 2
Event: 9.568 Thread 0x0000018847bc6560 DEOPT PACKING pc=0x000001885017e8d9 sp=0x00000038ed9fd9a0
Event: 9.568 Thread 0x0000018847bc6560 DEOPT UNPACKING pc=0x000001884f722b43 sp=0x00000038ed9fce98 mode 0

Classes unloaded (20 events):
Event: 9.033 Thread 0x0000018865ef3f80 Unloading class 0x0000000800f0ea00 'lombok/javac/apt/LombokFileObjects'
Event: 9.033 Thread 0x0000018865ef3f80 Unloading class 0x0000000800f0e7c8 'lombok/javac/apt/MessagerDiagnosticsReceiver'
Event: 9.033 Thread 0x0000018865ef3f80 Unloading class 0x0000000800f0e420 'lombok/javac/apt/InterceptingJavaFileManager'
Event: 9.033 Thread 0x0000018865ef3f80 Unloading class 0x0000000800f0e218 'lombok/permit/dummy/Parent'
Event: 9.033 Thread 0x0000018865ef3f80 Unloading class 0x0000000800f0e000 'lombok/core/CleanupRegistry'
Event: 9.033 Thread 0x0000018865ef3f80 Unloading class 0x0000000800f0dce8 'lombok/permit/Permit$Fake'
Event: 9.033 Thread 0x0000018865ef3f80 Unloading class 0x0000000800f0dae8 'lombok/permit/Permit'
Event: 9.033 Thread 0x0000018865ef3f80 Unloading class 0x0000000800f0cd88 'lombok/core/DiagnosticsReceiver'
Event: 9.033 Thread 0x0000018865ef3f80 Unloading class 0x0000000800f0d800 'lombok/javac/apt/LombokProcessor$1'
Event: 9.033 Thread 0x0000018865ef3f80 Unloading class 0x0000000800f0caf0 'lombok/javac/apt/LombokProcessor'
Event: 9.033 Thread 0x0000018865ef3f80 Unloading class 0x0000000800f0c8c0 'lombok/core/AnnotationProcessor$EcjDescriptor'
Event: 9.033 Thread 0x0000018865ef3f80 Unloading class 0x0000000800f0c688 'lombok/core/AnnotationProcessor$JavacDescriptor'
Event: 9.033 Thread 0x0000018865ef3f80 Unloading class 0x0000000800f0c280 'lombok/core/AnnotationProcessor$ProcessorDescriptor'
Event: 9.033 Thread 0x0000018865ef3f80 Unloading class 0x0000000800f0c000 'lombok/core/AnnotationProcessor'
Event: 9.033 Thread 0x0000018865ef3f80 Unloading class 0x0000000800f0d480 'io/quarkus/panache/common/runtime/PanacheAnnotationProcessor'
Event: 9.033 Thread 0x0000018865ef3f80 Unloading class 0x0000000800f0d200 'lombok/launch/AnnotationProcessorHider$ClaimingProcessor'
Event: 9.033 Thread 0x0000018865ef3f80 Unloading class 0x0000000800f0d000 'lombok/launch/AnnotationProcessorHider$AstModificationNotifierData'
Event: 9.033 Thread 0x0000018865ef3f80 Unloading class 0x0000000800ee8480 'lombok/launch/ShadowClassLoader'
Event: 9.033 Thread 0x0000018865ef3f80 Unloading class 0x0000000800ee8280 'lombok/launch/Main'
Event: 9.033 Thread 0x0000018865ef3f80 Unloading class 0x0000000800ee8000 'lombok/launch/AnnotationProcessorHider$AnnotationProcessor'

Classes redefined (0 events):
No events

Internal exceptions (20 events):
Event: 8.332 Thread 0x0000018847bc6560 Exception <a 'java/lang/NoSuchMethodError'{0x000000008e0ec820}: 'java.lang.Object java.lang.invoke.DirectMethodHandle$Holder.newInvokeSpecial(java.lang.Object, java.lang.Object, java.lang.Object, java.lang.Object, java.lang.Object, java.lang.Object, java.lang.Object, java.lang.Object)'> (0x000000008e0ec820) 
thrown [s\src\hotspot\share\interpreter\linkResolver.cpp, line 759]
Event: 8.332 Thread 0x0000018847bc6560 Exception <a 'java/lang/NoSuchMethodError'{0x000000008e0f1c98}: 'java.lang.Object java.lang.invoke.DirectMethodHandle$Holder.invokeSpecial(java.lang.Object, java.lang.Object, java.lang.Object, java.lang.Object, java.lang.Object, java.lang.Object, java.lang.Object, java.lang.Object, java.lang.Object)'> (0x000000008e0f1c98) 
thrown [s\src\hotspot\share\interpreter\linkResolver.cpp, line 759]
Event: 8.333 Thread 0x0000018847bc6560 Exception <a 'java/lang/NoSuchMethodError'{0x000000008e0f6e70}: 'java.lang.Object java.lang.invoke.Invokers$Holder.linkToTargetMethod(java.lang.Object, java.lang.Object, java.lang.Object, java.lang.Object, java.lang.Object, java.lang.Object, java.lang.Object, java.lang.Object)'> (0x000000008e0f6e70) 
thrown [s\src\hotspot\share\interpreter\linkResolver.cpp, line 759]
Event: 8.336 Thread 0x0000018847bc6560 Exception <a 'java/lang/NoSuchMethodError'{0x000000008df16208}: 'java.lang.Object java.lang.invoke.DirectMethodHandle$Holder.newInvokeSpecial(java.lang.Object, java.lang.Object, java.lang.Object, java.lang.Object, java.lang.Object, java.lang.Object, java.lang.Object)'> (0x000000008df16208) 
thrown [s\src\hotspot\share\interpreter\linkResolver.cpp, line 759]
Event: 8.336 Thread 0x0000018847bc6560 Exception <a 'java/lang/NoSuchMethodError'{0x000000008df1ac30}: 'java.lang.Object java.lang.invoke.Invokers$Holder.linkToTargetMethod(java.lang.Object, java.lang.Object, java.lang.Object, java.lang.Object, java.lang.Object, java.lang.Object, java.lang.Object)'> (0x000000008df1ac30) 
thrown [s\src\hotspot\share\interpreter\linkResolver.cpp, line 759]
Event: 8.342 Thread 0x0000018847bc6560 Exception <a 'java/lang/NoSuchMethodError'{0x000000008df57930}: 'java.lang.Object java.lang.invoke.DirectMethodHandle$Holder.newInvokeSpecial(java.lang.Object, java.lang.Object, java.lang.Object, java.lang.Object, java.lang.Object, java.lang.Object, java.lang.Object, int)'> (0x000000008df57930) 
thrown [s\src\hotspot\share\interpreter\linkResolver.cpp, line 759]
Event: 8.342 Thread 0x0000018847bc6560 Exception <a 'java/lang/NoSuchMethodError'{0x000000008df5d1d0}: 'java.lang.Object java.lang.invoke.DirectMethodHandle$Holder.invokeSpecial(java.lang.Object, java.lang.Object, java.lang.Object, java.lang.Object, java.lang.Object, java.lang.Object, java.lang.Object, java.lang.Object, int)'> (0x000000008df5d1d0) 
thrown [s\src\hotspot\share\interpreter\linkResolver.cpp, line 759]
Event: 8.347 Thread 0x0000018847bc6560 Exception <a 'sun/nio/fs/WindowsException'{0x000000008df89b20}> (0x000000008df89b20) 
thrown [s\src\hotspot\share\prims\jni.cpp, line 516]
Event: 8.347 Thread 0x0000018847bc6560 Exception <a 'sun/nio/fs/WindowsException'{0x000000008df8a218}> (0x000000008df8a218) 
thrown [s\src\hotspot\share\prims\jni.cpp, line 516]
Event: 8.347 Thread 0x0000018847bc6560 Exception <a 'sun/nio/fs/WindowsException'{0x000000008df8b230}> (0x000000008df8b230) 
thrown [s\src\hotspot\share\prims\jni.cpp, line 516]
Event: 8.347 Thread 0x0000018847bc6560 Exception <a 'sun/nio/fs/WindowsException'{0x000000008df8b9e0}> (0x000000008df8b9e0) 
thrown [s\src\hotspot\share\prims\jni.cpp, line 516]
Event: 8.361 Thread 0x0000018847bc6560 Exception <a 'java/lang/NoSuchMethodError'{0x000000008dfff558}: 'java.lang.Object java.lang.invoke.DirectMethodHandle$Holder.invokeInterface(java.lang.Object, java.lang.Object, java.lang.Object)'> (0x000000008dfff558) 
thrown [s\src\hotspot\share\interpreter\linkResolver.cpp, line 759]
Event: 8.363 Thread 0x0000018847bc6560 Exception <a 'sun/nio/fs/WindowsException'{0x000000008de06aa8}> (0x000000008de06aa8) 
thrown [s\src\hotspot\share\prims\jni.cpp, line 516]
Event: 8.363 Thread 0x0000018847bc6560 Exception <a 'sun/nio/fs/WindowsException'{0x000000008de06d48}> (0x000000008de06d48) 
thrown [s\src\hotspot\share\prims\jni.cpp, line 516]
Event: 8.364 Thread 0x0000018847bc6560 Exception <a 'sun/nio/fs/WindowsException'{0x000000008de0e730}> (0x000000008de0e730) 
thrown [s\src\hotspot\share\prims\jni.cpp, line 516]
Event: 8.364 Thread 0x0000018847bc6560 Exception <a 'sun/nio/fs/WindowsException'{0x000000008de0ec60}> (0x000000008de0ec60) 
thrown [s\src\hotspot\share\prims\jni.cpp, line 516]
Event: 9.042 Thread 0x0000018865efa5e0 Implicit null exception at 0x00000188573804f0 to 0x000001885738067c
Event: 9.681 Thread 0x0000018866ec5010 Exception <a 'java/lang/NoSuchMethodError'{0x000000008d4c6ad0}: 'java.lang.Object java.lang.invoke.DirectMethodHandle$Holder.invokeStaticInit(java.lang.Object, java.lang.Object, long, java.lang.Object)'> (0x000000008d4c6ad0) 
thrown [s\src\hotspot\share\interpreter\linkResolver.cpp, line 759]
Event: 9.681 Thread 0x0000018866ec5010 Exception <a 'java/lang/NoSuchMethodError'{0x000000008d4cd210}: 'java.lang.Object java.lang.invoke.DirectMethodHandle$Holder.newInvokeSpecial(java.lang.Object, java.lang.Object, long)'> (0x000000008d4cd210) 
thrown [s\src\hotspot\share\interpreter\linkResolver.cpp, line 759]
Event: 9.682 Thread 0x0000018866ec5010 Exception <a 'java/lang/NoSuchMethodError'{0x000000008d4d0d80}: 'java.lang.Object java.lang.invoke.Invokers$Holder.linkToTargetMethod(java.lang.Object, long, java.lang.Object)'> (0x000000008d4d0d80) 
thrown [s\src\hotspot\share\interpreter\linkResolver.cpp, line 759]

VM Operations (20 events):
Event: 8.547 Executing VM operation: G1CollectForAllocation done
Event: 8.657 Executing VM operation: G1CollectForAllocation
Event: 8.661 Executing VM operation: G1CollectForAllocation done
Event: 8.961 Executing VM operation: G1TryInitiateConcMark
Event: 8.963 Executing VM operation: G1TryInitiateConcMark done
Event: 9.030 Executing VM operation: G1Concurrent
Event: 9.042 Executing VM operation: G1Concurrent done
Event: 9.081 Executing VM operation: G1Concurrent
Event: 9.081 Executing VM operation: G1Concurrent done
Event: 9.129 Executing VM operation: HandshakeAllThreads
Event: 9.129 Executing VM operation: HandshakeAllThreads done
Event: 9.152 Executing VM operation: HandshakeAllThreads
Event: 9.152 Executing VM operation: HandshakeAllThreads done
Event: 9.219 Executing VM operation: G1CollectForAllocation
Event: 9.229 Executing VM operation: G1CollectForAllocation done
Event: 9.235 Executing VM operation: G1CollectForAllocation
Event: 9.241 Executing VM operation: G1CollectForAllocation done
Event: 9.685 Executing VM operation: HandshakeAllThreads
Event: 9.685 Executing VM operation: HandshakeAllThreads done
Event: 9.692 Executing VM operation: G1CollectForAllocation

Events (20 events):
Event: 9.675 loading class java/lang/ProcessHandle$Info done
Event: 9.676 loading class java/util/concurrent/CompletableFuture
Event: 9.676 loading class java/util/concurrent/CompletionStage
Event: 9.677 loading class java/util/concurrent/CompletionStage done
Event: 9.677 loading class java/util/concurrent/CompletableFuture done
Event: 9.677 loading class java/lang/ProcessHandleImpl
Event: 9.678 loading class java/lang/ProcessHandleImpl done
Event: 9.682 loading class java/util/concurrent/SynchronousQueue
Event: 9.683 loading class java/util/concurrent/SynchronousQueue done
Event: 9.683 loading class java/util/concurrent/SynchronousQueue$TransferStack
Event: 9.683 loading class java/util/concurrent/SynchronousQueue$Transferer
Event: 9.683 loading class java/util/concurrent/SynchronousQueue$Transferer done
Event: 9.683 loading class java/util/concurrent/SynchronousQueue$TransferStack done
Event: 9.683 loading class java/util/concurrent/SynchronousQueue$TransferStack$SNode
Event: 9.684 loading class java/util/concurrent/ForkJoinPool$ManagedBlocker
Event: 9.684 loading class java/util/concurrent/ForkJoinPool$ManagedBlocker done
Event: 9.684 loading class java/util/concurrent/SynchronousQueue$TransferStack$SNode done
Event: 9.684 Thread 0x0000018866ec5010 Thread exited: 0x0000018866ec5010
Event: 9.684 loading class java/security/AccessControlException
Event: 9.684 loading class java/security/AccessControlException done


Dynamic libraries:
0x00007ff73e9f0000 - 0x00007ff73e9fd000 	C:\Program Files\Amazon Corretto\jdk17.0.5_8\bin\java.exe
0x00007fff7a800000 - 0x00007fff7aa09000 	C:\WINDOWS\SYSTEM32\ntdll.dll
0x00007fff796b0000 - 0x00007fff7976e000 	C:\WINDOWS\System32\KERNEL32.DLL
0x00007fff78230000 - 0x00007fff785ab000 	C:\WINDOWS\System32\KERNELBASE.dll
0x00007fff77f00000 - 0x00007fff78011000 	C:\WINDOWS\System32\ucrtbase.dll
0x00007fff6ce70000 - 0x00007fff6ce85000 	C:\Program Files\Amazon Corretto\jdk17.0.5_8\bin\VCRUNTIME140.dll
0x00007fff6cad0000 - 0x00007fff6cae7000 	C:\Program Files\Amazon Corretto\jdk17.0.5_8\bin\jli.dll
0x00007fff79500000 - 0x00007fff796ad000 	C:\WINDOWS\System32\USER32.dll
0x00007fff5a740000 - 0x00007fff5a9e5000 	C:\WINDOWS\WinSxS\amd64_microsoft.windows.common-controls_6595b64144ccf1df_6.0.22000.120_none_9d947278b86cc467\COMCTL32.dll
0x00007fff78650000 - 0x00007fff78676000 	C:\WINDOWS\System32\win32u.dll
0x00007fff791b0000 - 0x00007fff79253000 	C:\WINDOWS\System32\msvcrt.dll
0x00007fff78680000 - 0x00007fff786a9000 	C:\WINDOWS\System32\GDI32.dll
0x00007fff78110000 - 0x00007fff78228000 	C:\WINDOWS\System32\gdi32full.dll
0x00007fff785b0000 - 0x00007fff7864d000 	C:\WINDOWS\System32\msvcp_win.dll
0x00007fff78e80000 - 0x00007fff78eb2000 	C:\WINDOWS\System32\IMM32.DLL
0x00007fff38610000 - 0x00007fff386ab000 	C:\Program Files\Amazon Corretto\jdk17.0.5_8\bin\msvcp140.dll
0x00007fff22a90000 - 0x00007fff236a4000 	C:\Program Files\Amazon Corretto\jdk17.0.5_8\bin\server\jvm.dll
0x00007fff79c90000 - 0x00007fff79d3e000 	C:\WINDOWS\System32\ADVAPI32.dll
0x00007fff79930000 - 0x00007fff799ce000 	C:\WINDOWS\System32\sechost.dll
0x00007fff78fb0000 - 0x00007fff790d0000 	C:\WINDOWS\System32\RPCRT4.dll
0x00007fff732b0000 - 0x00007fff732e3000 	C:\WINDOWS\SYSTEM32\WINMM.dll
0x00007fff57310000 - 0x00007fff57319000 	C:\WINDOWS\SYSTEM32\WSOCK32.dll
0x00007fff6ea50000 - 0x00007fff6ea5a000 	C:\WINDOWS\SYSTEM32\VERSION.dll
0x00007fff79b30000 - 0x00007fff79b9f000 	C:\WINDOWS\System32\WS2_32.dll
0x00007fff76e00000 - 0x00007fff76e18000 	C:\WINDOWS\SYSTEM32\kernel.appcore.dll
0x00007fff708e0000 - 0x00007fff708ea000 	C:\Program Files\Amazon Corretto\jdk17.0.5_8\bin\jimage.dll
0x00007fff74f50000 - 0x00007fff75171000 	C:\WINDOWS\SYSTEM32\DBGHELP.DLL
0x00007fff5ccc0000 - 0x00007fff5ccf1000 	C:\WINDOWS\SYSTEM32\dbgcore.DLL
0x00007fff78020000 - 0x00007fff7809f000 	C:\WINDOWS\System32\bcryptPrimitives.dll
0x00007fff62be0000 - 0x00007fff62c05000 	C:\Program Files\Amazon Corretto\jdk17.0.5_8\bin\java.dll
0x00007fff37600000 - 0x00007fff376d6000 	C:\Program Files\Amazon Corretto\jdk17.0.5_8\bin\jsvml.dll
0x00007fff786c0000 - 0x00007fff78e78000 	C:\WINDOWS\System32\SHELL32.dll
0x00007fff75d90000 - 0x00007fff765f5000 	C:\WINDOWS\SYSTEM32\windows.storage.dll
0x00007fff79d50000 - 0x00007fff7a0c8000 	C:\WINDOWS\System32\combase.dll
0x00007fff75c20000 - 0x00007fff75d86000 	C:\WINDOWS\SYSTEM32\wintypes.dll
0x00007fff79ba0000 - 0x00007fff79c8a000 	C:\WINDOWS\System32\SHCORE.dll
0x00007fff7a750000 - 0x00007fff7a7ad000 	C:\WINDOWS\System32\shlwapi.dll
0x00007fff77c00000 - 0x00007fff77c21000 	C:\WINDOWS\SYSTEM32\profapi.dll
0x00007fff6a0d0000 - 0x00007fff6a0e9000 	C:\Program Files\Amazon Corretto\jdk17.0.5_8\bin\net.dll
0x00007fff745d0000 - 0x00007fff746e4000 	C:\WINDOWS\SYSTEM32\WINHTTP.dll
0x00007fff772a0000 - 0x00007fff77307000 	C:\WINDOWS\system32\mswsock.dll
0x00007fff62bc0000 - 0x00007fff62bd5000 	C:\Program Files\Amazon Corretto\jdk17.0.5_8\bin\nio.dll
0x00007fff62ba0000 - 0x00007fff62bb8000 	C:\Program Files\Amazon Corretto\jdk17.0.5_8\bin\zip.dll
0x0000000069ac0000 - 0x0000000069ae4000 	C:\Program Files\Maven\apache-maven-3.8.6\lib\jansi-native\Windows\x86_64\jansi.dll
0x00007fff6ee60000 - 0x00007fff6ee70000 	C:\Program Files\Amazon Corretto\jdk17.0.5_8\bin\verify.dll
0x00007fff774d0000 - 0x00007fff774e8000 	C:\WINDOWS\SYSTEM32\CRYPTSP.dll
0x00007fff76d60000 - 0x00007fff76d95000 	C:\WINDOWS\system32\rsaenh.dll
0x00007fff77360000 - 0x00007fff77389000 	C:\WINDOWS\SYSTEM32\USERENV.dll
0x00007fff776b0000 - 0x00007fff776d7000 	C:\WINDOWS\SYSTEM32\bcrypt.dll
0x00007fff774c0000 - 0x00007fff774cc000 	C:\WINDOWS\SYSTEM32\CRYPTBASE.dll
0x00007fff76920000 - 0x00007fff7694d000 	C:\WINDOWS\SYSTEM32\IPHLPAPI.DLL
0x00007fff7a7b0000 - 0x00007fff7a7b9000 	C:\WINDOWS\System32\NSI.dll
0x00007fff6fb70000 - 0x00007fff6fb89000 	C:\WINDOWS\SYSTEM32\dhcpcsvc6.DLL
0x00007fff6ff70000 - 0x00007fff6ff8e000 	C:\WINDOWS\SYSTEM32\dhcpcsvc.DLL
0x00007fff76950000 - 0x00007fff76a38000 	C:\WINDOWS\SYSTEM32\DNSAPI.dll

dbghelp: loaded successfully - version: 4.0.5 - missing functions: none
symbol engine: initialized successfully - sym options: 0x614 - pdb path: .;C:\Program Files\Amazon Corretto\jdk17.0.5_8\bin;C:\WINDOWS\SYSTEM32;C:\WINDOWS\WinSxS\amd64_microsoft.windows.common-controls_6595b64144ccf1df_6.0.22000.120_none_9d947278b86cc467;C:\Program Files\Amazon Corretto\jdk17.0.5_8\bin\server;C:\Program Files\Maven\apache-maven-3.8.6\lib\jansi-native\Windows\x86_64

VM Arguments:
jvm_args: -Dclassworlds.conf=C:\Program Files\Maven\apache-maven-3.8.6\bin\m2.conf -Dmaven.home=C:\Program Files\Maven\apache-maven-3.8.6 -Dlibrary.jansi.path=C:\Program Files\Maven\apache-maven-3.8.6\lib\jansi-native -Dmaven.multiModuleProjectDirectory=C:\Users\Hugo Morgadinho\Documents\Personal_Projects\flights-portugal-api 
java_command: org.codehaus.plexus.classworlds.launcher.Launcher clean install
java_class_path (initial): C:\Program Files\Maven\apache-maven-3.8.6\boot\plexus-classworlds-2.6.0.jar
Launcher Type: SUN_STANDARD

[Global flags]
     intx CICompilerCount                          = 4                                         {product} {ergonomic}
     uint ConcGCThreads                            = 2                                         {product} {ergonomic}
     uint G1ConcRefinementThreads                  = 8                                         {product} {ergonomic}
   size_t G1HeapRegionSize                         = 1048576                                   {product} {ergonomic}
    uintx GCDrainStackTargetSize                   = 64                                        {product} {ergonomic}
   size_t InitialHeapSize                          = 132120576                                 {product} {ergonomic}
   size_t MarkStackSize                            = 4194304                                   {product} {ergonomic}
   size_t MaxHeapSize                              = 2107637760                                {product} {ergonomic}
   size_t MaxNewSize                               = 1264582656                                {product} {ergonomic}
   size_t MinHeapDeltaBytes                        = 1048576                                   {product} {ergonomic}
   size_t MinHeapSize                              = 8388608                                   {product} {ergonomic}
    uintx NonNMethodCodeHeapSize                   = 5839372                                {pd product} {ergonomic}
    uintx NonProfiledCodeHeapSize                  = 122909434                              {pd product} {ergonomic}
    uintx ProfiledCodeHeapSize                     = 122909434                              {pd product} {ergonomic}
    uintx ReservedCodeCacheSize                    = 251658240                              {pd product} {ergonomic}
     bool SegmentedCodeCache                       = true                                      {product} {ergonomic}
   size_t SoftMaxHeapSize                          = 2107637760                             {manageable} {ergonomic}
     bool UseCompressedClassPointers               = true                           {product lp64_product} {ergonomic}
     bool UseCompressedOops                        = true                           {product lp64_product} {ergonomic}
     bool UseG1GC                                  = true                                      {product} {ergonomic}
     bool UseLargePagesIndividualAllocation        = false                                  {pd product} {ergonomic}

Logging:
Log output configuration:
 #0: stdout all=warning uptime,level,tags
 #1: stderr all=off uptime,level,tags

Environment Variables:
JAVA_HOME=C:\Program Files\Amazon Corretto\jdk17.0.5_8
PATH=C:\WINDOWS\system32;C:\WINDOWS;C:\WINDOWS\System32\Wbem;C:\WINDOWS\System32\WindowsPowerShell\v1.0\;C:\WINDOWS\System32\OpenSSH\;C:\Program Files\Intel\WiFi\bin\;C:\Program Files\Common Files\Intel\WirelessCommon\;C:\Program Files\Git\cmd;C:\Program Files\Docker\Docker\resources\bin;C:\ProgramData\DockerDesktop\version-bin;C:\Program Files\nodejs\;C:\Program Files\Maven\apache-maven-3.8.6\bin;C:\Program Files\Amazon Corretto\jdk17.0.5_8\bin;C:\Users\Hugo Morgadinho\AppData\Local\Microsoft\WindowsApps;;C:\Program Files\JetBrains\IntelliJ IDEA 2022.1.3\bin;;C:\Users\Hugo Morgadinho\AppData\Local\Programs\Microsoft VS Code\bin;C:\Users\Hugo Morgadinho\AppData\Roaming\npm
USERNAME=Hugo Morgadinho
OS=Windows_NT
PROCESSOR_IDENTIFIER=Intel64 Family 6 Model 142 Stepping 11, GenuineIntel
TMP=C:\Users\HUGOMO~1\AppData\Local\Temp
TEMP=C:\Users\HUGOMO~1\AppData\Local\Temp



---------------  S Y S T E M  ---------------

OS:
 Windows 11 , 64 bit Build 22000 (10.0.22000.1219)
OS uptime: 0 days 6:49 hours
Hyper-V role detected

CPU: total 8 (initial active 8) (4 cores per cpu, 2 threads per core) family 6 model 142 stepping 11 microcode 0xde, cx8, cmov, fxsr, ht, mmx, 3dnowpref, sse, sse2, sse3, ssse3, sse4.1, sse4.2, popcnt, lzcnt, tsc, tscinvbit, avx, avx2, aes, erms, clmul, bmi1, bmi2, adx, fma, vzeroupper, clflush, clflushopt, hv

Memory: 4k page, system-wide physical 8037M (79M free)
TotalPageFile size 32613M (AvailPageFile size 75M)
current process WorkingSet (physical memory assigned to process): 363M, peak: 368M
current process commit charge ("private bytes"): 396M, peak: 698M

vm_info: OpenJDK 64-Bit Server VM (17.0.5+8-LTS) for windows-amd64 JRE (17.0.5+8-LTS), built on Oct 13 2022 05:18:14 by "Administrator" with MS VC++ 15.9 (VS2017)

END.
